salmonella 3.2.1 -- a tool for testing CHICKEN eggs (http://wiki.call-cc.org/egg/salmonella)

Started on Sun Dec 14 15:33:08 2025
Command line: salmonella -l /mnt/c/Users/tyuuw/hatsu-yakitori/eggs/boids.egg

Options:
  chicken-install: /usr/bin/chicken-install
  repo-dir: /mnt/c/Users/tyuuw/hatsu-yakitori/salmonella-tmp-93d0a/repo
  chicken-install-args: (-v -test)

C compiler: x86_64-linux-gnu-gcc
x86_64-linux-gnu-gcc (Ubuntu 13.3.0-6ubuntu2~24.04) 13.3.0
Copyright (C) 2023 Free Software Foundation, Inc.
This is free software; see the source for copying conditions.  There is NO
warranty; not even for MERCHANTABILITY or FITNESS FOR A PARTICULAR PURPOSE.



C++ compiler: x86_64-linux-gnu-g++
x86_64-linux-gnu-g++ (Ubuntu 13.3.0-6ubuntu2~24.04) 13.3.0
Copyright (C) 2023 Free Software Foundation, Inc.
This is free software; see the source for copying conditions.  There is NO
warranty; not even for MERCHANTABILITY or FITNESS FOR A PARTICULAR PURPOSE.



C compiler flags: -fno-strict-aliasing -fwrapv -DHAVE_CHICKEN_CONFIG_H -DC_ENABLE_PTABLES -g -O2 -fno-omit-frame-pointer -mno-omit-leaf-frame-pointer -ffile-prefix-map=/build/chicken-YedmKs/chicken-5.3.0=. -flto=auto -ffat-lto-objects -fstack-protector-strong -fstack-clash-protection -Wformat -Werror=format-security -fcf-protection -fdebug-prefix-map=/build/chicken-YedmKs/chicken-5.3.0=/usr/src/chicken-5.3.0-1.1build1 -Wdate-time -D_FORTIFY_SOURCE=3 -I/usr/include/chicken -I'/mnt/c/Users/tyuuw/hatsu-yakitori/salmonella-tmp-93d0a/repo/include/chicken' 

Linker: x86_64-linux-gnu-gcc
Linker flags: -L/usr/lib -Wl,-rpath=/usr/lib 

Libraries: -lchicken -lm -ldl 

CHICKEN banner:
CHICKEN
(c) 2008-2021, The CHICKEN Team
(c) 2000-2007, Felix L. Winkelmann
Version 5.3.0 (rev e31bbee5)
linux-unix-gnu-x86-64 [ 64bit dload ptables ]

Environment variables:
  SALMONELLA_RUNNING: 1
  CHICKEN_INSTALL_PREFIX: /mnt/c/Users/tyuuw/hatsu-yakitori/salmonella-tmp-93d0a/repo
  CHICKEN_PREFIX: (not set)
  CHICKEN_INSTALL_REPOSITORY: /mnt/c/Users/tyuuw/hatsu-yakitori/salmonella-tmp-93d0a/repo/lib/chicken/11
  CHICKEN_REPOSITORY_PATH: /mnt/c/Users/tyuuw/hatsu-yakitori/salmonella-tmp-93d0a/repo/lib/chicken/11
  CHICKEN_EGG_CACHE: /mnt/c/Users/tyuuw/hatsu-yakitori/salmonella-tmp-93d0a/repo/cache
  CHICKEN_INCLUDE_PATH: /mnt/c/Users/tyuuw/hatsu-yakitori/salmonella-tmp-93d0a/repo/share
  CHICKEN_C_INCLUDE_PATH: /mnt/c/Users/tyuuw/hatsu-yakitori/salmonella-tmp-93d0a/repo/include/chicken
  CHICKEN_HOME: (not set)
  CSC_OPTIONS: (not set)
  PATH: /mnt/c/Users/tyuuw/hatsu-yakitori/salmonella-tmp-93d0a/repo/bin:/home/linuxbrew/.linuxbrew/sbin:/home/linuxbrew/.linuxbrew/bin:/usr/local/sbin:/usr/local/bin:/usr/sbin:/usr/bin:/sbin:/bin:/usr/games:/usr/local/games:/usr/lib/wsl/lib:/mnt/c/Program Files/WindowsApps/Microsoft.PowerShell_7.5.4.0_x64__8wekyb3d8bbwe:/mnt/c/Program Files/Common Files/Oracle/Java/javapath:/mnt/c/Users/tyuuw/AppData/Local/Programs/Python/Python313/Scripts/:/mnt/c/Users/tyuuw/AppData/Local/Programs/Python/Python313/:/mnt/c/Ruby33-x64/bin:/mnt/c/VulkanSDK/1.3.290.0/Bin:/mnt/c/WINDOWS/system32:/mnt/c/WINDOWS:/mnt/c/WINDOWS/System32/Wbem:/mnt/c/WINDOWS/System32/WindowsPowerShell/v1.0/:/mnt/c/WINDOWS/System32/OpenSSH/:/mnt/c/Program Files/dotnet/:/mnt/c/Program Files/Blender Foundation/Blender 4.2:/mnt/c/Program Files/CLPM/0.4.1/bin/:/mnt/c/Program Files/Steel Bank Common Lisp/:/mnt/c/ProgramData/chocolatey/bin:/mnt/c/Users/tyuuw/scoop/apps/gcc/current/bin:/mnt/c/Users/tyuuw/anaconda3:/mnt/c/Users/tyuuw/anaconda3/Library/mingw-w64/bin:/mnt/c/Users/tyuuw/anaconda3/Library/usr/bin:/mnt/c/Users/tyuuw/anaconda3/Library/bin:/mnt/c/Users/tyuuw/anaconda3/Scripts:/mnt/c/Users/tyuuw/scoop/apps/OpenSSL/current/bin:/mnt/c/Users/tyuuw/.cargo/bin:/mnt/c/Users/tyuuw/scoop/shims:/mnt/c/Users/tyuuw/AppData/Local/Microsoft/WindowsApps:/mnt/c/Users/tyuuw/.dotnet/tools:/mnt/c/Users/tyuuw/AppData/Local/Programs/Microsoft VS Code/bin:/mnt/c/Users/tyuuw/gdlisp/target/release:/mnt/c/Program Files/Godot:/mnt/c/Users/tyuuw/gdlisp:/mnt/c/Users/tyuuw/Downloads/ecl-24.5.10/ecl-24.5.10:/mnt/c/Users/tyuuw/mingw64:/mnt/c/WINDOWS/system32:/mnt/c/WINDOWS:/mnt/c/WINDOWS/System32/Wbem:/mnt/c/WINDOWS/System32/WindowsPowerShell/v1.0/:/mnt/c/WINDOWS/System32/OpenSSH/:/mnt/c/Program Files/MiKTeX/miktex/bin/x64/:/mnt/c/Strawberry/c/bin:/mnt/c/Program Files/Meson/:/mnt/c/Program Files (x86)/PowerShell/7/:/mnt/c/Program Files/Crystal:/mnt/c/Gradle/gradle-9.0.0/bin:/mnt/c/Program Files/Java/graalvm-jdk-24.0.2+11.1/bin:/mnt/c/Android/platform-tools:/mnt/c/PROGRA~1/JPKI:/mnt/c/Program Files/Docker/Docker/resources/bin:/mnt/c/Program Files (x86)/Windows Kits/10/Windows Performance Toolkit/:/mnt/c/Users/tyuuw/AppData/Local:/mnt/c/Android/platform-tools/platform-tools:/mnt/c/Users/tyuuw/AppData/Local/nvm:/mnt/c/nvm4w/nodejs:/mnt/c/Program Files (x86)/Common Files/Sony Shared/FeliCaLibrary:/mnt/c/Program Files/Common Files/Sony Shared/FeliCaLibrary:/mnt/c/tools/kotlin/kotlinc/bin:/mnt/c/Users/tyuuw/AppData/Roaming/Godot/:/mnt/c/Program Files/CMake/bin:/mnt/c/lein:/mnt/c/tools/maven-mvnd-1.0.2-windows-amd64/maven-mvnd-1.0.2-windows-amd64/bin:/mnt/c/Users/tyuuw/AppData/Local/Programs/opam:/mnt/c/Program Files/PowerShell/7/:/mnt/c/Program Files/Git/cmd:/mnt/c/tools/chicken/bin:/mnt/c/tools/msys64/mingw64/bin:/mnt/c/Program Files/Common Files/Oracle/Java/javapath:/mnt/c/Users/tyuuw/AppData/Local/Programs/Python/Python313/Scripts/:/mnt/c/Users/tyuuw/AppData/Local/Programs/Python/Python313/:/mnt/c/Ruby33-x64/bin:/mnt/c/VulkanSDK/1.3.290.0/Bin:/mnt/c/WINDOWS/system32:/mnt/c/WINDOWS:/mnt/c/WINDOWS/System32/Wbem:/mnt/c/WINDOWS/System32/OpenSSH/:/mnt/c/Program Files/dotnet/:/mnt/c/Program Files/Blender Foundation/Blender 4.2:/mnt/c/Program Files/CLPM/0.4.1/bin/:/mnt/c/Program Files/Steel Bank Common Lisp/:/mnt/c/ProgramData/chocolatey/bin:/mnt/c/Users/tyuuw/scoop/apps/gcc/current/bin:/mnt/c/Users/tyuuw/anaconda3:/mnt/c/Users/tyuuw/.cargo/bin:/mnt/c/Users/tyuuw/scoop/shims:/mnt/c/Users/tyuuw/.dotnet/tools:/mnt/c/Users/tyuuw/AppData/Local/Programs/Microsoft VS Code:/mnt/c/Users/tyuuw/AppData/Local/Programs/opam:/mnt/c/Users/tyuuw/AppData/Local/Programs/Microsoft VS Code/bin:/mnt/c/tools/neovim/nvim-win64/bin:/mnt/c/Users/tyuuw/AppData/Local/Microsoft/WinGet/Links:/mnt/c/Users/tyuuw/.dotnet/tools:/mnt/c/flutter/bin:/mnt/c/Users/tyuuw/AppData/Local/Microsoft/WindowsApps:/mnt/c/tools/msys64:/snap/bin:/home/yoshyhyrro/.local/bin

==== -l (1 of 2) ====
  Fetching........................................[fail] 0s
  Checking documentation..........................[fail] 0s
==== /mnt/c/Users/tyuuw/hatsu-yakitori/eggs/boids.egg (2 of 2) ====
  Fetching........................................[fail] 1s
  Checking documentation..........................[fail] 0s

***************************************************************************

=== Summary
Total eggs: 0

==== Installation
Ok: 0
Failed: 0

==== Tests
Ok: 0
Failed: 0
No tests: 0

==== Documentation
Documented: 0
Undocumented: 2

==== Total run time
5s
