{"synthetic": false,
 "schemaVersion": "2025-09-10",
 "outputs":
 {"o": ["822134c33a4203c5.olean"],
  "i": "8e503344dc2be3fe.ilean",
  "c": "d2e37bda2ef18dff.c"},
 "log":
 [{"message":
   ".> LEAN_PATH=C:\\Users\\tyuuw\\Document\\hatsu-yakitori\\dist-proof\\lean4\\.lake\\packages\\Cli\\.lake\\build\\lib\\lean;C:\\Users\\tyuuw\\Document\\hatsu-yakitori\\dist-proof\\lean4\\.lake\\packages\\batteries\\.lake\\build\\lib\\lean;C:\\Users\\tyuuw\\Document\\hatsu-yakitori\\dist-proof\\lean4\\.lake\\packages\\Qq\\.lake\\build\\lib\\lean;C:\\Users\\tyuuw\\Document\\hatsu-yakitori\\dist-proof\\lean4\\.lake\\packages\\aesop\\.lake\\build\\lib\\lean;C:\\Users\\tyuuw\\Document\\hatsu-yakitori\\dist-proof\\lean4\\.lake\\packages\\proofwidgets\\.lake\\build\\lib\\lean;C:\\Users\\tyuuw\\Document\\hatsu-yakitori\\dist-proof\\lean4\\.lake\\packages\\importGraph\\.lake\\build\\lib\\lean;C:\\Users\\tyuuw\\Document\\hatsu-yakitori\\dist-proof\\lean4\\.lake\\packages\\LeanSearchClient\\.lake\\build\\lib\\lean;C:\\Users\\tyuuw\\Document\\hatsu-yakitori\\dist-proof\\lean4\\.lake\\packages\\plausible\\.lake\\build\\lib\\lean;C:\\Users\\tyuuw\\Document\\hatsu-yakitori\\dist-proof\\lean4\\.lake\\packages\\mathlib\\.lake\\build\\lib\\lean;C:\\Users\\tyuuw\\Document\\hatsu-yakitori\\dist-proof\\lean4\\.lake\\build\\lib\\lean c:\\Users\\tyuuw\\.elan\\toolchains\\leanprover--lean4---v4.28.0-rc1\\bin\\lean.exe C:\\Users\\tyuuw\\Document\\hatsu-yakitori\\dist-proof\\lean4\\HatsuYakitori\\AnabelianSketch.lean -o C:\\Users\\tyuuw\\Document\\hatsu-yakitori\\dist-proof\\lean4\\.lake\\build\\lib\\lean\\HatsuYakitori\\AnabelianSketch.olean -i C:\\Users\\tyuuw\\Document\\hatsu-yakitori\\dist-proof\\lean4\\.lake\\build\\lib\\lean\\HatsuYakitori\\AnabelianSketch.ilean -c C:\\Users\\tyuuw\\Document\\hatsu-yakitori\\dist-proof\\lean4\\.lake\\build\\ir\\HatsuYakitori\\AnabelianSketch.c --setup C:\\Users\\tyuuw\\Document\\hatsu-yakitori\\dist-proof\\lean4\\.lake\\build\\ir\\HatsuYakitori\\AnabelianSketch.setup.json --json",
   "level": "trace"},
  {"message":
   "HatsuYakitori/AnabelianSketch.lean:62:18: declaration uses `sorry`",
   "level": "warning"},
  {"message":
   "HatsuYakitori/AnabelianSketch.lean:66:18: declaration uses `sorry`",
   "level": "warning"},
  {"message":
   "HatsuYakitori/AnabelianSketch.lean:156:4: declaration uses `sorry`",
   "level": "warning"},
  {"message":
   "HatsuYakitori/AnabelianSketch.lean:160:4: declaration uses `sorry`",
   "level": "warning"},
  {"message":
   "HatsuYakitori/AnabelianSketch.lean:206:4: declaration uses `sorry`",
   "level": "warning"},
  {"message":
   "HatsuYakitori/AnabelianSketch.lean:301:18: declaration uses `sorry`",
   "level": "warning"},
  {"message":
   "HatsuYakitori/AnabelianSketch.lean:304:4: declaration uses `sorry`",
   "level": "warning"},
  {"message":
   "HatsuYakitori/AnabelianSketch.lean:322:8: declaration uses `sorry`",
   "level": "warning"},
  {"message":
   "HatsuYakitori/AnabelianSketch.lean:463:5: unused variable `h2`\n\nNote: This linter can be disabled with `set_option linter.unusedVariables false`",
   "level": "warning"},
  {"message":
   "HatsuYakitori/AnabelianSketch.lean:550:30: unused variable `c`\n\nNote: This linter can be disabled with `set_option linter.unusedVariables false`",
   "level": "warning"}],
 "inputs":
 [["HatsuYakitori.AnabelianSketch:deps",
   [["deps",
     [["«hatsu-yakitori-proof»/HatsuYakitori:extraDep",
       [["@«hatsu-yakitori-proof»:extraDep", "00000000000006bb"]]],
      ["imports",
       [["HatsuYakitori.HopfStructure transitive imports (legacy)",
         "bd1bf594e41396ff"],
        ["HatsuYakitori.HopfStructure:importAllArts", "b220afa9f8ed07c8"]]]]],
    ["libs",
     [["import dynlibs", "00000000000006bb"],
      ["package external libraries", "00000000000006bb"],
      ["module dynlibs", "00000000000006bb"],
      ["module plugins", "00000000000006bb"]]]]],
  ["Lean 4.28.0, commit 3b0f2862196c6a8af9eb0025ee650252694013dd",
   "612345b87aa96642"],
  ["C:\\Users\\tyuuw\\Document\\hatsu-yakitori\\dist-proof\\lean4\\HatsuYakitori\\AnabelianSketch.lean",
   "124373e18e65cf34"],
  ["options", "00000000000006bb"],
  ["Module.leanArgs: #[]", "00000000000006bb"]],
 "depHash": "fec9a0427b0ccdc5"}