{"synthetic": false,
 "schemaVersion": "2025-09-10",
 "outputs":
 {"o": ["8e60f2f1abf1f2eb.olean"],
  "i": "0e5ab488ae0d0c63.ilean",
  "c": "1b3576a57c2c0376.c"},
 "log":
 [{"message":
   ".> LEAN_PATH=C:\\Users\\tyuuw\\Document\\hatsu-yakitori\\dist-proof\\lean4\\.lake\\packages\\Cli\\.lake\\build\\lib\\lean;C:\\Users\\tyuuw\\Document\\hatsu-yakitori\\dist-proof\\lean4\\.lake\\packages\\batteries\\.lake\\build\\lib\\lean;C:\\Users\\tyuuw\\Document\\hatsu-yakitori\\dist-proof\\lean4\\.lake\\packages\\Qq\\.lake\\build\\lib\\lean;C:\\Users\\tyuuw\\Document\\hatsu-yakitori\\dist-proof\\lean4\\.lake\\packages\\aesop\\.lake\\build\\lib\\lean;C:\\Users\\tyuuw\\Document\\hatsu-yakitori\\dist-proof\\lean4\\.lake\\packages\\proofwidgets\\.lake\\build\\lib\\lean;C:\\Users\\tyuuw\\Document\\hatsu-yakitori\\dist-proof\\lean4\\.lake\\packages\\importGraph\\.lake\\build\\lib\\lean;C:\\Users\\tyuuw\\Document\\hatsu-yakitori\\dist-proof\\lean4\\.lake\\packages\\LeanSearchClient\\.lake\\build\\lib\\lean;C:\\Users\\tyuuw\\Document\\hatsu-yakitori\\dist-proof\\lean4\\.lake\\packages\\plausible\\.lake\\build\\lib\\lean;C:\\Users\\tyuuw\\Document\\hatsu-yakitori\\dist-proof\\lean4\\.lake\\packages\\mathlib\\.lake\\build\\lib\\lean;C:\\Users\\tyuuw\\Document\\hatsu-yakitori\\dist-proof\\lean4\\.lake\\build\\lib\\lean c:\\Users\\tyuuw\\.elan\\toolchains\\leanprover--lean4---v4.27.0-rc1\\bin\\lean.exe C:\\Users\\tyuuw\\Document\\hatsu-yakitori\\dist-proof\\lean4\\HatsuYakitori\\ButcherConnesGC.lean -o C:\\Users\\tyuuw\\Document\\hatsu-yakitori\\dist-proof\\lean4\\.lake\\build\\lib\\lean\\HatsuYakitori\\ButcherConnesGC.olean -i C:\\Users\\tyuuw\\Document\\hatsu-yakitori\\dist-proof\\lean4\\.lake\\build\\lib\\lean\\HatsuYakitori\\ButcherConnesGC.ilean -c C:\\Users\\tyuuw\\Document\\hatsu-yakitori\\dist-proof\\lean4\\.lake\\build\\ir\\HatsuYakitori\\ButcherConnesGC.c --setup C:\\Users\\tyuuw\\Document\\hatsu-yakitori\\dist-proof\\lean4\\.lake\\build\\ir\\HatsuYakitori\\ButcherConnesGC.setup.json --json",
   "level": "trace"}],
 "inputs":
 [["HatsuYakitori.ButcherConnesGC:deps",
   [["deps",
     [["«hatsu-yakitori-proof»/HatsuYakitori:extraDep",
       [["@«hatsu-yakitori-proof»:extraDep", "00000000000006bb"]]],
      ["imports",
       [["Mathlib.Combinatorics.Quiver.Basic transitive imports (legacy)",
         "97e9eab706e57dbe"],
        ["Mathlib.Combinatorics.Quiver.Basic:importAllArts",
         "321dfccee3b94bd7"],
        ["Mathlib.Algebra.BigOperators.Group.List.Basic transitive imports (legacy)",
         "0c880904037b1132"],
        ["Mathlib.Algebra.BigOperators.Group.List.Basic:importAllArts",
         "545cc557ed8c186d"],
        ["Mathlib.Data.Finset.Basic transitive imports (legacy)",
         "3c219c0104b65f6e"],
        ["Mathlib.Data.Finset.Basic:importAllArts", "3c3b0d56c732ebba"],
        ["Mathlib.Data.Rat.Defs transitive imports (legacy)",
         "4f2e980dc5a75a61"],
        ["Mathlib.Data.Rat.Defs:importAllArts", "e35ef03a2ad96e3b"]]]]],
    ["libs",
     [["import dynlibs", "00000000000006bb"],
      ["package external libraries", "00000000000006bb"],
      ["module dynlibs", "00000000000006bb"],
      ["module plugins", "00000000000006bb"]]]]],
  ["Lean 4.27.0, commit 2fcce7258eeb6e324366bc25f9058293b04b7547",
   "6f43b597efea5d4c"],
  ["C:\\Users\\tyuuw\\Document\\hatsu-yakitori\\dist-proof\\lean4\\HatsuYakitori\\ButcherConnesGC.lean",
   "9b942a87374d7ea6"],
  ["options", "00000000000006bb"],
  ["Module.leanArgs: #[]", "00000000000006bb"]],
 "depHash": "213861f2f2a34ac5"}