{"synthetic": false,
 "schemaVersion": "2025-09-10",
 "outputs":
 {"o": ["361f1568a6c9a0a0.olean"],
  "i": "ad495730e2f3e39e.ilean",
  "c": "6c31ae2b96d793d3.c"},
 "log":
 [{"message":
   ".> LEAN_PATH=C:\\Users\\tyuuw\\Document\\hatsu-yakitori\\dist-proof\\lean4\\.lake\\packages\\Cli\\.lake\\build\\lib\\lean;C:\\Users\\tyuuw\\Document\\hatsu-yakitori\\dist-proof\\lean4\\.lake\\packages\\batteries\\.lake\\build\\lib\\lean;C:\\Users\\tyuuw\\Document\\hatsu-yakitori\\dist-proof\\lean4\\.lake\\packages\\Qq\\.lake\\build\\lib\\lean;C:\\Users\\tyuuw\\Document\\hatsu-yakitori\\dist-proof\\lean4\\.lake\\packages\\aesop\\.lake\\build\\lib\\lean;C:\\Users\\tyuuw\\Document\\hatsu-yakitori\\dist-proof\\lean4\\.lake\\packages\\proofwidgets\\.lake\\build\\lib\\lean;C:\\Users\\tyuuw\\Document\\hatsu-yakitori\\dist-proof\\lean4\\.lake\\packages\\importGraph\\.lake\\build\\lib\\lean;C:\\Users\\tyuuw\\Document\\hatsu-yakitori\\dist-proof\\lean4\\.lake\\packages\\LeanSearchClient\\.lake\\build\\lib\\lean;C:\\Users\\tyuuw\\Document\\hatsu-yakitori\\dist-proof\\lean4\\.lake\\packages\\plausible\\.lake\\build\\lib\\lean;C:\\Users\\tyuuw\\Document\\hatsu-yakitori\\dist-proof\\lean4\\.lake\\packages\\mathlib\\.lake\\build\\lib\\lean;C:\\Users\\tyuuw\\Document\\hatsu-yakitori\\dist-proof\\lean4\\.lake\\build\\lib\\lean c:\\Users\\tyuuw\\.elan\\toolchains\\leanprover--lean4---v4.28.0-rc1\\bin\\lean.exe C:\\Users\\tyuuw\\Document\\hatsu-yakitori\\dist-proof\\lean4\\HatsuYakitori\\Carabiner.lean -o C:\\Users\\tyuuw\\Document\\hatsu-yakitori\\dist-proof\\lean4\\.lake\\build\\lib\\lean\\HatsuYakitori\\Carabiner.olean -i C:\\Users\\tyuuw\\Document\\hatsu-yakitori\\dist-proof\\lean4\\.lake\\build\\lib\\lean\\HatsuYakitori\\Carabiner.ilean -c C:\\Users\\tyuuw\\Document\\hatsu-yakitori\\dist-proof\\lean4\\.lake\\build\\ir\\HatsuYakitori\\Carabiner.c --setup C:\\Users\\tyuuw\\Document\\hatsu-yakitori\\dist-proof\\lean4\\.lake\\build\\ir\\HatsuYakitori\\Carabiner.setup.json --json",
   "level": "trace"},
  {"message": "HatsuYakitori/Carabiner.lean:134:8: declaration uses `sorry`",
   "level": "warning"},
  {"message": "HatsuYakitori/Carabiner.lean:228:8: declaration uses `sorry`",
   "level": "warning"},
  {"message": "HatsuYakitori/Carabiner.lean:443:8: declaration uses `sorry`",
   "level": "warning"},
  {"message": "HatsuYakitori/Carabiner.lean:692:4: declaration uses `sorry`",
   "level": "warning"},
  {"message": "HatsuYakitori/Carabiner.lean:707:8: declaration uses `sorry`",
   "level": "warning"},
  {"message": "HatsuYakitori/Carabiner.lean:724:8: declaration uses `sorry`",
   "level": "warning"},
  {"message": "HatsuYakitori/Carabiner.lean:875:8: declaration uses `sorry`",
   "level": "warning"}],
 "inputs":
 [["HatsuYakitori.Carabiner:deps",
   [["deps",
     [["«hatsu-yakitori-proof»/HatsuYakitori:extraDep",
       [["@«hatsu-yakitori-proof»:extraDep", "00000000000006bb"]]],
      ["imports",
       [["Mathlib.Data.Finset.Basic transitive imports (legacy)",
         "9ba724a0225981a2"],
        ["Mathlib.Data.Finset.Basic:importAllArts", "bafa68e1c4461e61"],
        ["Mathlib.Data.Real.Basic transitive imports (legacy)",
         "bb9cd1d32c20fb6d"],
        ["Mathlib.Data.Real.Basic:importAllArts", "4776157901363150"],
        ["Mathlib.Data.List.Basic transitive imports (legacy)",
         "dd24f023b76a0456"],
        ["Mathlib.Data.List.Basic:importAllArts", "c99c5d926cf7b805"],
        ["HatsuYakitori.MachineConstants transitive imports (legacy)",
         "4c66a65052b3f869"],
        ["HatsuYakitori.MachineConstants:importAllArts", "2cd0d1b446f5742f"],
        ["HatsuYakitori.BSDQuiver transitive imports (legacy)",
         "c721da0a414fd0f0"],
        ["HatsuYakitori.BSDQuiver:importAllArts", "f3754aab50fb96ef"]]]]],
    ["libs",
     [["import dynlibs", "00000000000006bb"],
      ["package external libraries", "00000000000006bb"],
      ["module dynlibs", "00000000000006bb"],
      ["module plugins", "00000000000006bb"]]]]],
  ["Lean 4.28.0, commit 3b0f2862196c6a8af9eb0025ee650252694013dd",
   "612345b87aa96642"],
  ["C:\\Users\\tyuuw\\Document\\hatsu-yakitori\\dist-proof\\lean4\\HatsuYakitori\\Carabiner.lean",
   "15cc179816d731b4"],
  ["options", "00000000000006bb"],
  ["Module.leanArgs: #[]", "00000000000006bb"]],
 "depHash": "b2b5184f520a23c9"}