{"synthetic": false,
 "schemaVersion": "2025-09-10",
 "outputs":
 {"o": ["110a971ca96cb1d5.olean"],
  "i": "243022b5e6ab337f.ilean",
  "c": "fa03c9a0a58db824.c"},
 "log":
 [{"message":
   ".> LEAN_PATH=/mnt/c/Users/tyuuw/hatsu-yakitori/dist-proof/lean4/.lake/packages/Cli/.lake/build/lib/lean:/mnt/c/Users/tyuuw/hatsu-yakitori/dist-proof/lean4/.lake/packages/batteries/.lake/build/lib/lean:/mnt/c/Users/tyuuw/hatsu-yakitori/dist-proof/lean4/.lake/packages/Qq/.lake/build/lib/lean:/mnt/c/Users/tyuuw/hatsu-yakitori/dist-proof/lean4/.lake/packages/aesop/.lake/build/lib/lean:/mnt/c/Users/tyuuw/hatsu-yakitori/dist-proof/lean4/.lake/packages/proofwidgets/.lake/build/lib/lean:/mnt/c/Users/tyuuw/hatsu-yakitori/dist-proof/lean4/.lake/packages/importGraph/.lake/build/lib/lean:/mnt/c/Users/tyuuw/hatsu-yakitori/dist-proof/lean4/.lake/packages/LeanSearchClient/.lake/build/lib/lean:/mnt/c/Users/tyuuw/hatsu-yakitori/dist-proof/lean4/.lake/packages/plausible/.lake/build/lib/lean:/mnt/c/Users/tyuuw/hatsu-yakitori/dist-proof/lean4/.lake/packages/mathlib/.lake/build/lib/lean:/mnt/c/Users/tyuuw/hatsu-yakitori/dist-proof/lean4/.lake/build/lib/lean /home/yoshyhyrro/.elan/toolchains/leanprover--lean4---v4.27.0-rc1/bin/lean /mnt/c/Users/tyuuw/hatsu-yakitori/dist-proof/lean4/HatsuYakitori/DiscreteTeichmuller.lean -o /mnt/c/Users/tyuuw/hatsu-yakitori/dist-proof/lean4/.lake/build/lib/lean/HatsuYakitori/DiscreteTeichmuller.olean -i /mnt/c/Users/tyuuw/hatsu-yakitori/dist-proof/lean4/.lake/build/lib/lean/HatsuYakitori/DiscreteTeichmuller.ilean -c /mnt/c/Users/tyuuw/hatsu-yakitori/dist-proof/lean4/.lake/build/ir/HatsuYakitori/DiscreteTeichmuller.c --setup /mnt/c/Users/tyuuw/hatsu-yakitori/dist-proof/lean4/.lake/build/ir/HatsuYakitori/DiscreteTeichmuller.setup.json --json",
   "level": "trace"}],
 "inputs":
 [["HatsuYakitori.DiscreteTeichmuller:deps",
   [["deps",
     [["«hatsu-yakitori-proof»/HatsuYakitori:extraDep",
       [["@«hatsu-yakitori-proof»:extraDep", "00000000000006bb"]]],
      ["imports",
       [["Mathlib.Data.Real.Basic transitive imports (legacy)",
         "855843793b88836a"],
        ["Mathlib.Data.Real.Basic:importAllArts", "f1b217df23d3be17"],
        ["Mathlib.Data.Fin.Basic transitive imports (legacy)",
         "9c082bf4804f5360"],
        ["Mathlib.Data.Fin.Basic:importAllArts", "60d9c93df3ff85e9"],
        ["Mathlib.GroupTheory.Perm.Basic transitive imports (legacy)",
         "2207a6717117fa3c"],
        ["Mathlib.GroupTheory.Perm.Basic:importAllArts", "44e7862aa1e2fc6e"],
        ["HatsuYakitori.MachineConstants transitive imports (legacy)",
         "29c37f846baeccbd"],
        ["HatsuYakitori.MachineConstants:importAllArts", "ef172bd6755fe436"],
        ["HatsuYakitori.GolayFrontier transitive imports (legacy)",
         "98e55ffe3875aba3"],
        ["HatsuYakitori.GolayFrontier:importAllArts", "6b4ace3157cc3865"]]]]],
    ["libs",
     [["import dynlibs", "00000000000006bb"],
      ["package external libraries", "00000000000006bb"],
      ["module dynlibs", "00000000000006bb"],
      ["module plugins", "00000000000006bb"]]]]],
  ["Lean 4.27.0, commit 2fcce7258eeb6e324366bc25f9058293b04b7547",
   "6f43b597efea5d4c"],
  ["/mnt/c/Users/tyuuw/hatsu-yakitori/dist-proof/lean4/HatsuYakitori/DiscreteTeichmuller.lean",
   "70cf5ef0011c4069"],
  ["options", "00000000000006bb"],
  ["Module.leanArgs: #[]", "00000000000006bb"]],
 "depHash": "4061c33cbff35bed"}