{"synthetic": false,
 "schemaVersion": "2025-09-10",
 "outputs":
 {"o": ["53e7271d9c12baeb.olean"],
  "i": "33e729bec3e1d72c.ilean",
  "c": "ff5b0519b4df7e14.c"},
 "log":
 [{"message":
   ".> LEAN_PATH=C:\\Users\\tyuuw\\Document\\hatsu-yakitori\\dist-proof\\lean4\\.lake\\packages\\Cli\\.lake\\build\\lib\\lean;C:\\Users\\tyuuw\\Document\\hatsu-yakitori\\dist-proof\\lean4\\.lake\\packages\\batteries\\.lake\\build\\lib\\lean;C:\\Users\\tyuuw\\Document\\hatsu-yakitori\\dist-proof\\lean4\\.lake\\packages\\Qq\\.lake\\build\\lib\\lean;C:\\Users\\tyuuw\\Document\\hatsu-yakitori\\dist-proof\\lean4\\.lake\\packages\\aesop\\.lake\\build\\lib\\lean;C:\\Users\\tyuuw\\Document\\hatsu-yakitori\\dist-proof\\lean4\\.lake\\packages\\proofwidgets\\.lake\\build\\lib\\lean;C:\\Users\\tyuuw\\Document\\hatsu-yakitori\\dist-proof\\lean4\\.lake\\packages\\importGraph\\.lake\\build\\lib\\lean;C:\\Users\\tyuuw\\Document\\hatsu-yakitori\\dist-proof\\lean4\\.lake\\packages\\LeanSearchClient\\.lake\\build\\lib\\lean;C:\\Users\\tyuuw\\Document\\hatsu-yakitori\\dist-proof\\lean4\\.lake\\packages\\plausible\\.lake\\build\\lib\\lean;C:\\Users\\tyuuw\\Document\\hatsu-yakitori\\dist-proof\\lean4\\.lake\\packages\\mathlib\\.lake\\build\\lib\\lean;C:\\Users\\tyuuw\\Document\\hatsu-yakitori\\dist-proof\\lean4\\.lake\\build\\lib\\lean c:\\Users\\tyuuw\\.elan\\toolchains\\leanprover--lean4---v4.28.0-rc1\\bin\\lean.exe C:\\Users\\tyuuw\\Document\\hatsu-yakitori\\dist-proof\\lean4\\HatsuYakitori\\ExteriorAnalysis.lean -o C:\\Users\\tyuuw\\Document\\hatsu-yakitori\\dist-proof\\lean4\\.lake\\build\\lib\\lean\\HatsuYakitori\\ExteriorAnalysis.olean -i C:\\Users\\tyuuw\\Document\\hatsu-yakitori\\dist-proof\\lean4\\.lake\\build\\lib\\lean\\HatsuYakitori\\ExteriorAnalysis.ilean -c C:\\Users\\tyuuw\\Document\\hatsu-yakitori\\dist-proof\\lean4\\.lake\\build\\ir\\HatsuYakitori\\ExteriorAnalysis.c --setup C:\\Users\\tyuuw\\Document\\hatsu-yakitori\\dist-proof\\lean4\\.lake\\build\\ir\\HatsuYakitori\\ExteriorAnalysis.setup.json --json",
   "level": "trace"},
  {"message":
   "HatsuYakitori/ExteriorAnalysis.lean:271:8: declaration uses `sorry`",
   "level": "warning"}],
 "inputs":
 [["HatsuYakitori.ExteriorAnalysis:deps",
   [["deps",
     [["«hatsu-yakitori-proof»/HatsuYakitori:extraDep",
       [["@«hatsu-yakitori-proof»:extraDep", "00000000000006bb"]]],
      ["imports",
       [["Mathlib.Data.Real.Basic transitive imports (legacy)",
         "fe964f6901c7b630"],
        ["Mathlib.Data.Real.Basic:importAllArts", "4776157901363150"],
        ["Mathlib.Analysis.SpecialFunctions.Log.Basic transitive imports (legacy)",
         "b7dda8412e0c0150"],
        ["Mathlib.Analysis.SpecialFunctions.Log.Basic:importAllArts",
         "7d19e5eeb91709ee"],
        ["Mathlib.Analysis.SpecialFunctions.Pow.Real transitive imports (legacy)",
         "e772d8a4120679a8"],
        ["Mathlib.Analysis.SpecialFunctions.Pow.Real:importAllArts",
         "225c44a901a8d8fd"],
        ["Mathlib.Data.List.Range transitive imports (legacy)",
         "f9ba9134cc1eaeea"],
        ["Mathlib.Data.List.Range:importAllArts", "ea0d6e9ce9b85d2c"],
        ["Mathlib.Tactic transitive imports (legacy)", "e1c5dd0bc306e0ba"],
        ["Mathlib.Tactic:importAllArts", "241c4cdbff37a2a5"],
        ["HatsuYakitori.MachineConstants transitive imports (legacy)",
         "88a26dafbf5fbfc0"],
        ["HatsuYakitori.MachineConstants:importAllArts", "9a2cb3f64707c990"],
        ["HatsuYakitori.CartanUtils transitive imports (legacy)",
         "c7dd4c2fe685ac6b"],
        ["HatsuYakitori.CartanUtils:importAllArts", "a24a7942e1c329ea"],
        ["HatsuYakitori.GolayFrontier transitive imports (legacy)",
         "ffeedf0279631189"],
        ["HatsuYakitori.GolayFrontier:importAllArts", "19bf562b6a62e02d"]]]]],
    ["libs",
     [["import dynlibs", "00000000000006bb"],
      ["package external libraries", "00000000000006bb"],
      ["module dynlibs", "00000000000006bb"],
      ["module plugins", "00000000000006bb"]]]]],
  ["Lean 4.28.0, commit 3b0f2862196c6a8af9eb0025ee650252694013dd",
   "612345b87aa96642"],
  ["C:\\Users\\tyuuw\\Document\\hatsu-yakitori\\dist-proof\\lean4\\HatsuYakitori\\ExteriorAnalysis.lean",
   "537a31ddaa2e8370"],
  ["options", "00000000000006bb"],
  ["Module.leanArgs: #[]", "00000000000006bb"]],
 "depHash": "be83f4be9b75b1ee"}