{"synthetic": false,
 "schemaVersion": "2025-09-10",
 "outputs":
 {"o": ["1e6dd91e452c5224.olean"],
  "i": "cf37d20ba83da84c.ilean",
  "c": "06a7164bb7759988.c"},
 "log":
 [{"message":
   ".> LEAN_PATH=C:\\Users\\tyuuw\\Document\\hatsu-yakitori\\dist-proof\\lean4\\.lake\\packages\\Cli\\.lake\\build\\lib\\lean;C:\\Users\\tyuuw\\Document\\hatsu-yakitori\\dist-proof\\lean4\\.lake\\packages\\batteries\\.lake\\build\\lib\\lean;C:\\Users\\tyuuw\\Document\\hatsu-yakitori\\dist-proof\\lean4\\.lake\\packages\\Qq\\.lake\\build\\lib\\lean;C:\\Users\\tyuuw\\Document\\hatsu-yakitori\\dist-proof\\lean4\\.lake\\packages\\aesop\\.lake\\build\\lib\\lean;C:\\Users\\tyuuw\\Document\\hatsu-yakitori\\dist-proof\\lean4\\.lake\\packages\\proofwidgets\\.lake\\build\\lib\\lean;C:\\Users\\tyuuw\\Document\\hatsu-yakitori\\dist-proof\\lean4\\.lake\\packages\\importGraph\\.lake\\build\\lib\\lean;C:\\Users\\tyuuw\\Document\\hatsu-yakitori\\dist-proof\\lean4\\.lake\\packages\\LeanSearchClient\\.lake\\build\\lib\\lean;C:\\Users\\tyuuw\\Document\\hatsu-yakitori\\dist-proof\\lean4\\.lake\\packages\\plausible\\.lake\\build\\lib\\lean;C:\\Users\\tyuuw\\Document\\hatsu-yakitori\\dist-proof\\lean4\\.lake\\packages\\mathlib\\.lake\\build\\lib\\lean;C:\\Users\\tyuuw\\Document\\hatsu-yakitori\\dist-proof\\lean4\\.lake\\build\\lib\\lean c:\\Users\\tyuuw\\.elan\\toolchains\\leanprover--lean4---v4.28.0-rc1\\bin\\lean.exe C:\\Users\\tyuuw\\Document\\hatsu-yakitori\\dist-proof\\lean4\\HatsuYakitori\\GolayFrontier.lean -o C:\\Users\\tyuuw\\Document\\hatsu-yakitori\\dist-proof\\lean4\\.lake\\build\\lib\\lean\\HatsuYakitori\\GolayFrontier.olean -i C:\\Users\\tyuuw\\Document\\hatsu-yakitori\\dist-proof\\lean4\\.lake\\build\\lib\\lean\\HatsuYakitori\\GolayFrontier.ilean -c C:\\Users\\tyuuw\\Document\\hatsu-yakitori\\dist-proof\\lean4\\.lake\\build\\ir\\HatsuYakitori\\GolayFrontier.c --setup C:\\Users\\tyuuw\\Document\\hatsu-yakitori\\dist-proof\\lean4\\.lake\\build\\ir\\HatsuYakitori\\GolayFrontier.setup.json --json",
   "level": "trace"},
  {"message":
   "HatsuYakitori/GolayFrontier.lean:519:8: declaration uses `sorry`",
   "level": "warning"}],
 "inputs":
 [["HatsuYakitori.GolayFrontier:deps",
   [["deps",
     [["«hatsu-yakitori-proof»/HatsuYakitori:extraDep",
       [["@«hatsu-yakitori-proof»:extraDep", "00000000000006bb"]]],
      ["imports",
       [["Mathlib.Analysis.SpecialFunctions.Log.Basic transitive imports (legacy)",
         "b7dda8412e0c0150"],
        ["Mathlib.Analysis.SpecialFunctions.Log.Basic:importAllArts",
         "7d19e5eeb91709ee"],
        ["Mathlib.Data.Real.Basic transitive imports (legacy)",
         "fe964f6901c7b630"],
        ["Mathlib.Data.Real.Basic:importAllArts", "4776157901363150"],
        ["Mathlib.Data.Fin.Basic transitive imports (legacy)",
         "467ac25f2258243c"],
        ["Mathlib.Data.Fin.Basic:importAllArts", "7e9f3f897d595073"],
        ["Mathlib.Data.Finset.Card transitive imports (legacy)",
         "3f4ce1d5e288eea4"],
        ["Mathlib.Data.Finset.Card:importAllArts", "a25f65f5d33a08cd"],
        ["Mathlib.Data.Nat.Basic transitive imports (legacy)",
         "2749b98c94a4a478"],
        ["Mathlib.Data.Nat.Basic:importAllArts", "f3d530ce83f4dcee"],
        ["Mathlib.Data.Nat.Bits transitive imports (legacy)",
         "ded512f6f2f4e38f"],
        ["Mathlib.Data.Nat.Bits:importAllArts", "2f570a3dfacfba69"],
        ["Mathlib.Data.Vector.Basic transitive imports (legacy)",
         "ac0ea192742fc5c0"],
        ["Mathlib.Data.Vector.Basic:importAllArts", "cb032bca5a64389d"],
        ["Mathlib.Data.List.Range transitive imports (legacy)",
         "f9ba9134cc1eaeea"],
        ["Mathlib.Data.List.Range:importAllArts", "ea0d6e9ce9b85d2c"],
        ["Mathlib.Tactic transitive imports (legacy)", "e1c5dd0bc306e0ba"],
        ["Mathlib.Tactic:importAllArts", "241c4cdbff37a2a5"],
        ["HatsuYakitori.MachineConstants transitive imports (legacy)",
         "88a26dafbf5fbfc0"],
        ["HatsuYakitori.MachineConstants:importAllArts",
         "9a2cb3f64707c990"]]]]],
    ["libs",
     [["import dynlibs", "00000000000006bb"],
      ["package external libraries", "00000000000006bb"],
      ["module dynlibs", "00000000000006bb"],
      ["module plugins", "00000000000006bb"]]]]],
  ["Lean 4.28.0, commit 3b0f2862196c6a8af9eb0025ee650252694013dd",
   "612345b87aa96642"],
  ["C:\\Users\\tyuuw\\Document\\hatsu-yakitori\\dist-proof\\lean4\\HatsuYakitori\\GolayFrontier.lean",
   "18e86d0f70e00221"],
  ["options", "00000000000006bb"],
  ["Module.leanArgs: #[]", "00000000000006bb"]],
 "depHash": "e864ed58b0a8ce4c"}