{"synthetic": false,
 "schemaVersion": "2025-09-10",
 "outputs":
 {"o": ["fb639b59061b6aeb.olean"],
  "i": "13410bc1e2a261b6.ilean",
  "c": "782dfe34b9c173bc.c"},
 "log":
 [{"message":
   ".> LEAN_PATH=/mnt/c/Users/tyuuw/hatsu-yakitori/dist-proof/lean4/.lake/packages/Cli/.lake/build/lib/lean:/mnt/c/Users/tyuuw/hatsu-yakitori/dist-proof/lean4/.lake/packages/batteries/.lake/build/lib/lean:/mnt/c/Users/tyuuw/hatsu-yakitori/dist-proof/lean4/.lake/packages/Qq/.lake/build/lib/lean:/mnt/c/Users/tyuuw/hatsu-yakitori/dist-proof/lean4/.lake/packages/aesop/.lake/build/lib/lean:/mnt/c/Users/tyuuw/hatsu-yakitori/dist-proof/lean4/.lake/packages/proofwidgets/.lake/build/lib/lean:/mnt/c/Users/tyuuw/hatsu-yakitori/dist-proof/lean4/.lake/packages/importGraph/.lake/build/lib/lean:/mnt/c/Users/tyuuw/hatsu-yakitori/dist-proof/lean4/.lake/packages/LeanSearchClient/.lake/build/lib/lean:/mnt/c/Users/tyuuw/hatsu-yakitori/dist-proof/lean4/.lake/packages/plausible/.lake/build/lib/lean:/mnt/c/Users/tyuuw/hatsu-yakitori/dist-proof/lean4/.lake/packages/mathlib/.lake/build/lib/lean:/mnt/c/Users/tyuuw/hatsu-yakitori/dist-proof/lean4/.lake/build/lib/lean /home/yoshyhyrro/.elan/toolchains/leanprover--lean4---v4.27.0-rc1/bin/lean /mnt/c/Users/tyuuw/hatsu-yakitori/dist-proof/lean4/HatsuYakitori/GolayRepresentation.lean -o /mnt/c/Users/tyuuw/hatsu-yakitori/dist-proof/lean4/.lake/build/lib/lean/HatsuYakitori/GolayRepresentation.olean -i /mnt/c/Users/tyuuw/hatsu-yakitori/dist-proof/lean4/.lake/build/lib/lean/HatsuYakitori/GolayRepresentation.ilean -c /mnt/c/Users/tyuuw/hatsu-yakitori/dist-proof/lean4/.lake/build/ir/HatsuYakitori/GolayRepresentation.c --setup /mnt/c/Users/tyuuw/hatsu-yakitori/dist-proof/lean4/.lake/build/ir/HatsuYakitori/GolayRepresentation.setup.json --json",
   "level": "trace"}],
 "inputs":
 [["HatsuYakitori.GolayRepresentation:deps",
   [["deps",
     [["«hatsu-yakitori-proof»/HatsuYakitori:extraDep",
       [["@«hatsu-yakitori-proof»:extraDep", "00000000000006bb"]]],
      ["imports",
       [["HatsuYakitori.WittFoundation transitive imports (legacy)",
         "39f5fb7b3dd4f23c"],
        ["HatsuYakitori.WittFoundation:importAllArts", "b3f53817bf0d7ede"],
        ["HatsuYakitori.GolayFrontier transitive imports (legacy)",
         "cc37103c6a2d25ae"],
        ["HatsuYakitori.GolayFrontier:importAllArts", "87cb325dbb54d927"],
        ["HatsuYakitori.MachineConstants transitive imports (legacy)",
         "f906602457a286f0"],
        ["HatsuYakitori.MachineConstants:importAllArts",
         "4f595c1c9b35d950"]]]]],
    ["libs",
     [["import dynlibs", "00000000000006bb"],
      ["package external libraries", "00000000000006bb"],
      ["module dynlibs", "00000000000006bb"],
      ["module plugins", "00000000000006bb"]]]]],
  ["Lean 4.27.0, commit 2fcce7258eeb6e324366bc25f9058293b04b7547",
   "6f43b597efea5d4c"],
  ["/mnt/c/Users/tyuuw/hatsu-yakitori/dist-proof/lean4/HatsuYakitori/GolayRepresentation.lean",
   "c6af16a6146f24d6"],
  ["options", "00000000000006bb"],
  ["Module.leanArgs: #[]", "00000000000006bb"]],
 "depHash": "a1730275439d5aa8"}