{"synthetic": false,
 "schemaVersion": "2025-09-10",
 "outputs":
 {"o": ["b194163b274b4b6f.olean"],
  "i": "3e34facf79277300.ilean",
  "c": "9e830e4473264ede.c"},
 "log":
 [{"message":
   ".> LEAN_PATH=/mnt/c/Users/tyuuw/hatsu-yakitori/dist-proof/lean4/.lake/packages/Cli/.lake/build/lib/lean:/mnt/c/Users/tyuuw/hatsu-yakitori/dist-proof/lean4/.lake/packages/batteries/.lake/build/lib/lean:/mnt/c/Users/tyuuw/hatsu-yakitori/dist-proof/lean4/.lake/packages/Qq/.lake/build/lib/lean:/mnt/c/Users/tyuuw/hatsu-yakitori/dist-proof/lean4/.lake/packages/aesop/.lake/build/lib/lean:/mnt/c/Users/tyuuw/hatsu-yakitori/dist-proof/lean4/.lake/packages/proofwidgets/.lake/build/lib/lean:/mnt/c/Users/tyuuw/hatsu-yakitori/dist-proof/lean4/.lake/packages/importGraph/.lake/build/lib/lean:/mnt/c/Users/tyuuw/hatsu-yakitori/dist-proof/lean4/.lake/packages/LeanSearchClient/.lake/build/lib/lean:/mnt/c/Users/tyuuw/hatsu-yakitori/dist-proof/lean4/.lake/packages/plausible/.lake/build/lib/lean:/mnt/c/Users/tyuuw/hatsu-yakitori/dist-proof/lean4/.lake/packages/mathlib/.lake/build/lib/lean:/mnt/c/Users/tyuuw/hatsu-yakitori/dist-proof/lean4/.lake/build/lib/lean /home/yoshyhyrro/.elan/toolchains/leanprover--lean4---v4.27.0-rc1/bin/lean /mnt/c/Users/tyuuw/hatsu-yakitori/dist-proof/lean4/HatsuYakitori/GoppaLattice.lean -o /mnt/c/Users/tyuuw/hatsu-yakitori/dist-proof/lean4/.lake/build/lib/lean/HatsuYakitori/GoppaLattice.olean -i /mnt/c/Users/tyuuw/hatsu-yakitori/dist-proof/lean4/.lake/build/lib/lean/HatsuYakitori/GoppaLattice.ilean -c /mnt/c/Users/tyuuw/hatsu-yakitori/dist-proof/lean4/.lake/build/ir/HatsuYakitori/GoppaLattice.c --setup /mnt/c/Users/tyuuw/hatsu-yakitori/dist-proof/lean4/.lake/build/ir/HatsuYakitori/GoppaLattice.setup.json --json",
   "level": "trace"},
  {"message": "HatsuYakitori/GoppaLattice.lean:297:8: declaration uses 'sorry'",
   "level": "warning"},
  {"message": "HatsuYakitori/GoppaLattice.lean:341:8: declaration uses 'sorry'",
   "level": "warning"}],
 "inputs":
 [["HatsuYakitori.GoppaLattice:deps",
   [["deps",
     [["«hatsu-yakitori-proof»/HatsuYakitori:extraDep",
       [["@«hatsu-yakitori-proof»:extraDep", "00000000000006bb"]]],
      ["imports",
       [["Mathlib.Data.Complex.Basic transitive imports (legacy)",
         "954d8c16c17c2828"],
        ["Mathlib.Data.Complex.Basic:importAllArts", "0f29c405737957b5"],
        ["Mathlib.Analysis.Complex.Exponential transitive imports (legacy)",
         "1b7485c9aebca665"],
        ["Mathlib.Analysis.Complex.Exponential:importAllArts",
         "110e64c1a7b6610e"],
        ["Mathlib.Analysis.Complex.Basic transitive imports (legacy)",
         "6ccba0f8f9bdc12b"],
        ["Mathlib.Analysis.Complex.Basic:importAllArts", "493dc829f936a89f"],
        ["Mathlib.Data.Real.Basic transitive imports (legacy)",
         "855843793b88836a"],
        ["Mathlib.Data.Real.Basic:importAllArts", "f1b217df23d3be17"],
        ["Mathlib.Data.Fin.Basic transitive imports (legacy)",
         "9c082bf4804f5360"],
        ["Mathlib.Data.Fin.Basic:importAllArts", "60d9c93df3ff85e9"],
        ["Mathlib.Data.ZMod.Basic transitive imports (legacy)",
         "a1084be1bf4c262f"],
        ["Mathlib.Data.ZMod.Basic:importAllArts", "9b196155ef72e85f"],
        ["Mathlib.Algebra.Order.Field.Basic transitive imports (legacy)",
         "0f13ee3bc830ccae"],
        ["Mathlib.Algebra.Order.Field.Basic:importAllArts", "274d59e6e35e2dbd"],
        ["Mathlib.Analysis.SpecialFunctions.Trigonometric.Basic transitive imports (legacy)",
         "97d4fef105dde681"],
        ["Mathlib.Analysis.SpecialFunctions.Trigonometric.Basic:importAllArts",
         "913a20c57ac1bed8"],
        ["Mathlib.Tactic transitive imports (legacy)", "aedc4419c02b61f8"],
        ["Mathlib.Tactic:importAllArts", "396d263b6f422b32"],
        ["HatsuYakitori.MachineConstants transitive imports (legacy)",
         "29c37f846baeccbd"],
        ["HatsuYakitori.MachineConstants:importAllArts", "ef172bd6755fe436"],
        ["HatsuYakitori.GolayFrontier transitive imports (legacy)",
         "98e55ffe3875aba3"],
        ["HatsuYakitori.GolayFrontier:importAllArts", "6b4ace3157cc3865"]]]]],
    ["libs",
     [["import dynlibs", "00000000000006bb"],
      ["package external libraries", "00000000000006bb"],
      ["module dynlibs", "00000000000006bb"],
      ["module plugins", "00000000000006bb"]]]]],
  ["Lean 4.27.0, commit 2fcce7258eeb6e324366bc25f9058293b04b7547",
   "6f43b597efea5d4c"],
  ["/mnt/c/Users/tyuuw/hatsu-yakitori/dist-proof/lean4/HatsuYakitori/GoppaLattice.lean",
   "f39c54350822fbbd"],
  ["options", "00000000000006bb"],
  ["Module.leanArgs: #[]", "00000000000006bb"]],
 "depHash": "c3c5a3cdc0073e2a"}