{"synthetic": false,
 "schemaVersion": "2025-09-10",
 "outputs":
 {"o": ["ef0de3bbafa4341b.olean"],
  "i": "47d83937f177647f.ilean",
  "c": "be938479620bb976.c"},
 "log":
 [{"message":
   ".> LEAN_PATH=C:\\Users\\tyuuw\\Document\\hatsu-yakitori\\dist-proof\\lean4\\.lake\\packages\\Cli\\.lake\\build\\lib\\lean;C:\\Users\\tyuuw\\Document\\hatsu-yakitori\\dist-proof\\lean4\\.lake\\packages\\batteries\\.lake\\build\\lib\\lean;C:\\Users\\tyuuw\\Document\\hatsu-yakitori\\dist-proof\\lean4\\.lake\\packages\\Qq\\.lake\\build\\lib\\lean;C:\\Users\\tyuuw\\Document\\hatsu-yakitori\\dist-proof\\lean4\\.lake\\packages\\aesop\\.lake\\build\\lib\\lean;C:\\Users\\tyuuw\\Document\\hatsu-yakitori\\dist-proof\\lean4\\.lake\\packages\\proofwidgets\\.lake\\build\\lib\\lean;C:\\Users\\tyuuw\\Document\\hatsu-yakitori\\dist-proof\\lean4\\.lake\\packages\\importGraph\\.lake\\build\\lib\\lean;C:\\Users\\tyuuw\\Document\\hatsu-yakitori\\dist-proof\\lean4\\.lake\\packages\\LeanSearchClient\\.lake\\build\\lib\\lean;C:\\Users\\tyuuw\\Document\\hatsu-yakitori\\dist-proof\\lean4\\.lake\\packages\\plausible\\.lake\\build\\lib\\lean;C:\\Users\\tyuuw\\Document\\hatsu-yakitori\\dist-proof\\lean4\\.lake\\packages\\mathlib\\.lake\\build\\lib\\lean;C:\\Users\\tyuuw\\Document\\hatsu-yakitori\\dist-proof\\lean4\\.lake\\build\\lib\\lean c:\\Users\\tyuuw\\.elan\\toolchains\\leanprover--lean4---v4.28.0-rc1\\bin\\lean.exe C:\\Users\\tyuuw\\Document\\hatsu-yakitori\\dist-proof\\lean4\\HatsuYakitori\\HopfStructure.lean -o C:\\Users\\tyuuw\\Document\\hatsu-yakitori\\dist-proof\\lean4\\.lake\\build\\lib\\lean\\HatsuYakitori\\HopfStructure.olean -i C:\\Users\\tyuuw\\Document\\hatsu-yakitori\\dist-proof\\lean4\\.lake\\build\\lib\\lean\\HatsuYakitori\\HopfStructure.ilean -c C:\\Users\\tyuuw\\Document\\hatsu-yakitori\\dist-proof\\lean4\\.lake\\build\\ir\\HatsuYakitori\\HopfStructure.c --setup C:\\Users\\tyuuw\\Document\\hatsu-yakitori\\dist-proof\\lean4\\.lake\\build\\ir\\HatsuYakitori\\HopfStructure.setup.json --json",
   "level": "trace"},
  {"message":
   "HatsuYakitori/HopfStructure.lean:101:7: unused variable `c`\n\nNote: This linter can be disabled with `set_option linter.unusedVariables false`",
   "level": "warning"},
  {"message":
   "HatsuYakitori/HopfStructure.lean:117:30: unused variable `c`\n\nNote: This linter can be disabled with `set_option linter.unusedVariables false`",
   "level": "warning"},
  {"message":
   "HatsuYakitori/HopfStructure.lean:173:8: declaration uses `sorry`",
   "level": "warning"}],
 "inputs":
 [["HatsuYakitori.HopfStructure:deps",
   [["deps",
     [["«hatsu-yakitori-proof»/HatsuYakitori:extraDep",
       [["@«hatsu-yakitori-proof»:extraDep", "00000000000006bb"]]],
      ["imports",
       [["HatsuYakitori.MachineConstants transitive imports (legacy)",
         "8807d8cce13347b9"],
        ["HatsuYakitori.MachineConstants:importAllArts", "2cd0d1b446f5742f"],
        ["Mathlib.Data.Real.Basic transitive imports (legacy)",
         "fe964f6901c7b630"],
        ["Mathlib.Data.Real.Basic:importAllArts", "4776157901363150"]]]]],
    ["libs",
     [["import dynlibs", "00000000000006bb"],
      ["package external libraries", "00000000000006bb"],
      ["module dynlibs", "00000000000006bb"],
      ["module plugins", "00000000000006bb"]]]]],
  ["Lean 4.28.0, commit 3b0f2862196c6a8af9eb0025ee650252694013dd",
   "612345b87aa96642"],
  ["C:\\Users\\tyuuw\\Document\\hatsu-yakitori\\dist-proof\\lean4\\HatsuYakitori\\HopfStructure.lean",
   "79209314bb00cc20"],
  ["options", "00000000000006bb"],
  ["Module.leanArgs: #[]", "00000000000006bb"]],
 "depHash": "4cba283e41d47d86"}