{"synthetic": false,
 "schemaVersion": "2025-09-10",
 "outputs":
 {"o": ["0fb52edbc0f6c87b.olean"],
  "i": "cf3f157813654347.ilean",
  "c": "7577d849b1ea7f00.c"},
 "log":
 [{"message":
   ".> LEAN_PATH=/mnt/c/Users/tyuuw/hatsu-yakitori/dist-proof/lean4/.lake/packages/Cli/.lake/build/lib/lean:/mnt/c/Users/tyuuw/hatsu-yakitori/dist-proof/lean4/.lake/packages/batteries/.lake/build/lib/lean:/mnt/c/Users/tyuuw/hatsu-yakitori/dist-proof/lean4/.lake/packages/Qq/.lake/build/lib/lean:/mnt/c/Users/tyuuw/hatsu-yakitori/dist-proof/lean4/.lake/packages/aesop/.lake/build/lib/lean:/mnt/c/Users/tyuuw/hatsu-yakitori/dist-proof/lean4/.lake/packages/proofwidgets/.lake/build/lib/lean:/mnt/c/Users/tyuuw/hatsu-yakitori/dist-proof/lean4/.lake/packages/importGraph/.lake/build/lib/lean:/mnt/c/Users/tyuuw/hatsu-yakitori/dist-proof/lean4/.lake/packages/LeanSearchClient/.lake/build/lib/lean:/mnt/c/Users/tyuuw/hatsu-yakitori/dist-proof/lean4/.lake/packages/plausible/.lake/build/lib/lean:/mnt/c/Users/tyuuw/hatsu-yakitori/dist-proof/lean4/.lake/packages/mathlib/.lake/build/lib/lean:/mnt/c/Users/tyuuw/hatsu-yakitori/dist-proof/lean4/.lake/build/lib/lean /home/yoshyhyrro/.elan/toolchains/leanprover--lean4---v4.27.0-rc1/bin/lean /mnt/c/Users/tyuuw/hatsu-yakitori/dist-proof/lean4/HatsuYakitori/KakIntegration.lean -o /mnt/c/Users/tyuuw/hatsu-yakitori/dist-proof/lean4/.lake/build/lib/lean/HatsuYakitori/KakIntegration.olean -i /mnt/c/Users/tyuuw/hatsu-yakitori/dist-proof/lean4/.lake/build/lib/lean/HatsuYakitori/KakIntegration.ilean -c /mnt/c/Users/tyuuw/hatsu-yakitori/dist-proof/lean4/.lake/build/ir/HatsuYakitori/KakIntegration.c --setup /mnt/c/Users/tyuuw/hatsu-yakitori/dist-proof/lean4/.lake/build/ir/HatsuYakitori/KakIntegration.setup.json --json",
   "level": "trace"},
  {"message":
   "HatsuYakitori/KakIntegration.lean:57:18: declaration uses 'sorry'",
   "level": "warning"},
  {"message":
   "HatsuYakitori/KakIntegration.lean:77:8: declaration uses 'sorry'",
   "level": "warning"},
  {"message":
   "HatsuYakitori/KakIntegration.lean:102:8: declaration uses 'sorry'",
   "level": "warning"},
  {"message":
   "HatsuYakitori/KakIntegration.lean:177:8: declaration uses 'sorry'",
   "level": "warning"},
  {"message":
   "HatsuYakitori/KakIntegration.lean:219:8: declaration uses 'sorry'",
   "level": "warning"}],
 "inputs":
 [["HatsuYakitori.KakIntegration:deps",
   [["deps",
     [["«hatsu-yakitori-proof»/HatsuYakitori:extraDep",
       [["@«hatsu-yakitori-proof»:extraDep", "00000000000006bb"]]],
      ["imports",
       [["Mathlib.Data.Real.Basic transitive imports (legacy)",
         "996c7ee6b07f52b7"],
        ["Mathlib.Data.Real.Basic:importAllArts", "4b354b2586cf52f2"],
        ["Mathlib.Data.Nat.Basic transitive imports (legacy)",
         "39218c68a6634de9"],
        ["Mathlib.Data.Nat.Basic:importAllArts", "a2b670b010353850"],
        ["Mathlib.Data.Fintype.Basic transitive imports (legacy)",
         "7e249714717fd78c"],
        ["Mathlib.Data.Fintype.Basic:importAllArts", "3914bfd1273639e4"],
        ["Mathlib.GroupTheory.Perm.Basic transitive imports (legacy)",
         "030acb4ed0d37b22"],
        ["Mathlib.GroupTheory.Perm.Basic:importAllArts", "44e7862aa1e2fc6e"],
        ["HatsuYakitori.MachineConstants transitive imports (legacy)",
         "ee45964937a2c152"],
        ["HatsuYakitori.MachineConstants:importAllArts", "b1100199b11661f6"],
        ["HatsuYakitori.CartanUtils transitive imports (legacy)",
         "9cc972a9fb5b633d"],
        ["HatsuYakitori.CartanUtils:importAllArts", "e7141807ca0cdad8"],
        ["HatsuYakitori.GolayFrontier transitive imports (legacy)",
         "0186ad59686362b6"],
        ["HatsuYakitori.GolayFrontier:importAllArts", "7f9f55ef2bf9afc5"],
        ["HatsuYakitori.KakDecomposition transitive imports (legacy)",
         "6cd62ef608a437b4"],
        ["HatsuYakitori.KakDecomposition:importAllArts",
         "d3bb85673aeb2895"]]]]],
    ["libs",
     [["import dynlibs", "00000000000006bb"],
      ["package external libraries", "00000000000006bb"],
      ["module dynlibs", "00000000000006bb"],
      ["module plugins", "00000000000006bb"]]]]],
  ["Lean 4.27.0, commit 2fcce7258eeb6e324366bc25f9058293b04b7547",
   "6f43b597efea5d4c"],
  ["/mnt/c/Users/tyuuw/hatsu-yakitori/dist-proof/lean4/HatsuYakitori/KakIntegration.lean",
   "389c860cd1df67a3"],
  ["options", "00000000000006bb"],
  ["Module.leanArgs: #[]", "00000000000006bb"]],
 "depHash": "c5091be158d538c2"}