{"synthetic": false,
 "schemaVersion": "2025-09-10",
 "outputs":
 {"o": ["6649d8611e9d0bae.olean"],
  "i": "80b3be3689659d05.ilean",
  "c": "e86c8a9a428f3a9c.c"},
 "log":
 [{"message":
   ".> LEAN_PATH=/mnt/c/Users/tyuuw/hatsu-yakitori/dist-proof/lean4/.lake/packages/Cli/.lake/build/lib/lean:/mnt/c/Users/tyuuw/hatsu-yakitori/dist-proof/lean4/.lake/packages/batteries/.lake/build/lib/lean:/mnt/c/Users/tyuuw/hatsu-yakitori/dist-proof/lean4/.lake/packages/Qq/.lake/build/lib/lean:/mnt/c/Users/tyuuw/hatsu-yakitori/dist-proof/lean4/.lake/packages/aesop/.lake/build/lib/lean:/mnt/c/Users/tyuuw/hatsu-yakitori/dist-proof/lean4/.lake/packages/proofwidgets/.lake/build/lib/lean:/mnt/c/Users/tyuuw/hatsu-yakitori/dist-proof/lean4/.lake/packages/importGraph/.lake/build/lib/lean:/mnt/c/Users/tyuuw/hatsu-yakitori/dist-proof/lean4/.lake/packages/LeanSearchClient/.lake/build/lib/lean:/mnt/c/Users/tyuuw/hatsu-yakitori/dist-proof/lean4/.lake/packages/plausible/.lake/build/lib/lean:/mnt/c/Users/tyuuw/hatsu-yakitori/dist-proof/lean4/.lake/packages/mathlib/.lake/build/lib/lean:/mnt/c/Users/tyuuw/hatsu-yakitori/dist-proof/lean4/.lake/build/lib/lean /home/yoshyhyrro/.elan/toolchains/leanprover--lean4---v4.27.0-rc1/bin/lean /mnt/c/Users/tyuuw/hatsu-yakitori/dist-proof/lean4/HatsuYakitori/MachineConstants.lean -o /mnt/c/Users/tyuuw/hatsu-yakitori/dist-proof/lean4/.lake/build/lib/lean/HatsuYakitori/MachineConstants.olean -i /mnt/c/Users/tyuuw/hatsu-yakitori/dist-proof/lean4/.lake/build/lib/lean/HatsuYakitori/MachineConstants.ilean -c /mnt/c/Users/tyuuw/hatsu-yakitori/dist-proof/lean4/.lake/build/ir/HatsuYakitori/MachineConstants.c --setup /mnt/c/Users/tyuuw/hatsu-yakitori/dist-proof/lean4/.lake/build/ir/HatsuYakitori/MachineConstants.setup.json --json",
   "level": "trace"}],
 "inputs":
 [["HatsuYakitori.MachineConstants:deps",
   [["deps",
     [["«hatsu-yakitori-proof»/HatsuYakitori:extraDep",
       [["@«hatsu-yakitori-proof»:extraDep", "00000000000006bb"]]],
      ["imports",
       [["Mathlib.Analysis.SpecialFunctions.Log.Basic transitive imports (legacy)",
         "c73ffc848f79f7db"],
        ["Mathlib.Analysis.SpecialFunctions.Log.Basic:importAllArts",
         "558d4238a3054c52"],
        ["Mathlib.Data.Real.Basic transitive imports (legacy)",
         "855843793b88836a"],
        ["Mathlib.Data.Real.Basic:importAllArts", "f1b217df23d3be17"],
        ["Mathlib.Data.Fin.Basic transitive imports (legacy)",
         "9c082bf4804f5360"],
        ["Mathlib.Data.Fin.Basic:importAllArts", "60d9c93df3ff85e9"],
        ["Mathlib.Algebra.Order.Field.Basic transitive imports (legacy)",
         "0f13ee3bc830ccae"],
        ["Mathlib.Algebra.Order.Field.Basic:importAllArts", "274d59e6e35e2dbd"],
        ["Mathlib.Tactic transitive imports (legacy)", "aedc4419c02b61f8"],
        ["Mathlib.Tactic:importAllArts", "396d263b6f422b32"],
        ["Mathlib.GroupTheory.Perm.Basic transitive imports (legacy)",
         "2207a6717117fa3c"],
        ["Mathlib.GroupTheory.Perm.Basic:importAllArts",
         "44e7862aa1e2fc6e"]]]]],
    ["libs",
     [["import dynlibs", "00000000000006bb"],
      ["package external libraries", "00000000000006bb"],
      ["module dynlibs", "00000000000006bb"],
      ["module plugins", "00000000000006bb"]]]]],
  ["Lean 4.27.0, commit 2fcce7258eeb6e324366bc25f9058293b04b7547",
   "6f43b597efea5d4c"],
  ["/mnt/c/Users/tyuuw/hatsu-yakitori/dist-proof/lean4/HatsuYakitori/MachineConstants.lean",
   "58b7830461fd08c3"],
  ["options", "00000000000006bb"],
  ["Module.leanArgs: #[]", "00000000000006bb"]],
 "depHash": "aebcc7d430262a2e"}