{"synthetic": false,
 "schemaVersion": "2025-09-10",
 "outputs":
 {"o": ["1fc63a1a790f6f62.olean"],
  "i": "68ad3cb019ff6e20.ilean",
  "c": "c828704045ff7460.c"},
 "log":
 [{"message":
   ".> LEAN_PATH=C:\\Users\\tyuuw\\Document\\hatsu-yakitori\\dist-proof\\lean4\\.lake\\packages\\Cli\\.lake\\build\\lib\\lean;C:\\Users\\tyuuw\\Document\\hatsu-yakitori\\dist-proof\\lean4\\.lake\\packages\\batteries\\.lake\\build\\lib\\lean;C:\\Users\\tyuuw\\Document\\hatsu-yakitori\\dist-proof\\lean4\\.lake\\packages\\Qq\\.lake\\build\\lib\\lean;C:\\Users\\tyuuw\\Document\\hatsu-yakitori\\dist-proof\\lean4\\.lake\\packages\\aesop\\.lake\\build\\lib\\lean;C:\\Users\\tyuuw\\Document\\hatsu-yakitori\\dist-proof\\lean4\\.lake\\packages\\proofwidgets\\.lake\\build\\lib\\lean;C:\\Users\\tyuuw\\Document\\hatsu-yakitori\\dist-proof\\lean4\\.lake\\packages\\importGraph\\.lake\\build\\lib\\lean;C:\\Users\\tyuuw\\Document\\hatsu-yakitori\\dist-proof\\lean4\\.lake\\packages\\LeanSearchClient\\.lake\\build\\lib\\lean;C:\\Users\\tyuuw\\Document\\hatsu-yakitori\\dist-proof\\lean4\\.lake\\packages\\plausible\\.lake\\build\\lib\\lean;C:\\Users\\tyuuw\\Document\\hatsu-yakitori\\dist-proof\\lean4\\.lake\\packages\\mathlib\\.lake\\build\\lib\\lean;C:\\Users\\tyuuw\\Document\\hatsu-yakitori\\dist-proof\\lean4\\.lake\\build\\lib\\lean c:\\Users\\tyuuw\\.elan\\toolchains\\leanprover--lean4---v4.28.0-rc1\\bin\\lean.exe C:\\Users\\tyuuw\\Document\\hatsu-yakitori\\dist-proof\\lean4\\HatsuYakitori\\PAdicMellin.lean -o C:\\Users\\tyuuw\\Document\\hatsu-yakitori\\dist-proof\\lean4\\.lake\\build\\lib\\lean\\HatsuYakitori\\PAdicMellin.olean -i C:\\Users\\tyuuw\\Document\\hatsu-yakitori\\dist-proof\\lean4\\.lake\\build\\lib\\lean\\HatsuYakitori\\PAdicMellin.ilean -c C:\\Users\\tyuuw\\Document\\hatsu-yakitori\\dist-proof\\lean4\\.lake\\build\\ir\\HatsuYakitori\\PAdicMellin.c --setup C:\\Users\\tyuuw\\Document\\hatsu-yakitori\\dist-proof\\lean4\\.lake\\build\\ir\\HatsuYakitori\\PAdicMellin.setup.json --json",
   "level": "trace"},
  {"message": "HatsuYakitori/PAdicMellin.lean:893:0: declaration uses `sorry`",
   "level": "warning"},
  {"message": "HatsuYakitori/PAdicMellin.lean:937:18: declaration uses `sorry`",
   "level": "warning"}],
 "inputs":
 [["HatsuYakitori.PAdicMellin:deps",
   [["deps",
     [["«hatsu-yakitori-proof»/HatsuYakitori:extraDep",
       [["@«hatsu-yakitori-proof»:extraDep", "00000000000006bb"]]],
      ["imports",
       [["Mathlib.Tactic transitive imports (legacy)", "e1c5dd0bc306e0ba"],
        ["Mathlib.Tactic:importAllArts", "241c4cdbff37a2a5"],
        ["Mathlib.Combinatorics.Quiver.Path transitive imports (legacy)",
         "2d55e3a95047e7de"],
        ["Mathlib.Combinatorics.Quiver.Path:importAllArts", "ce13e2c07892e6c2"],
        ["HatsuYakitori.MachineConstants transitive imports (legacy)",
         "88a26dafbf5fbfc0"],
        ["HatsuYakitori.MachineConstants:importAllArts", "9a2cb3f64707c990"],
        ["HatsuYakitori.HopfStructure transitive imports (legacy)",
         "bd1bf594e41396ff"],
        ["HatsuYakitori.HopfStructure:importAllArts", "b220afa9f8ed07c8"],
        ["HatsuYakitori.AnabelianSketch transitive imports (legacy)",
         "b8d7be967110d995"],
        ["HatsuYakitori.AnabelianSketch:importAllArts", "3dad5cc272833d08"],
        ["HatsuYakitori.BSDQuiver transitive imports (legacy)",
         "a8305aae6f4d6c82"],
        ["HatsuYakitori.BSDQuiver:importAllArts", "553e1ca958b451c9"],
        ["HatsuYakitori.Carabiner transitive imports (legacy)",
         "378bda4f5d80ea52"],
        ["HatsuYakitori.Carabiner:importAllArts", "f80155ab308a7c6d"]]]]],
    ["libs",
     [["import dynlibs", "00000000000006bb"],
      ["package external libraries", "00000000000006bb"],
      ["module dynlibs", "00000000000006bb"],
      ["module plugins", "00000000000006bb"]]]]],
  ["Lean 4.28.0, commit 3b0f2862196c6a8af9eb0025ee650252694013dd",
   "612345b87aa96642"],
  ["C:\\Users\\tyuuw\\Document\\hatsu-yakitori\\dist-proof\\lean4\\HatsuYakitori\\PAdicMellin.lean",
   "fb58eaa353b2c4fd"],
  ["options", "00000000000006bb"],
  ["Module.leanArgs: #[]", "00000000000006bb"]],
 "depHash": "5812ffce54c566d0"}