{"synthetic": false,
 "schemaVersion": "2025-09-10",
 "outputs":
 {"o": ["a968e0320c15a01a.olean"],
  "i": "e22afe07c35ce3a5.ilean",
  "c": "a28565747bf9baef.c"},
 "log":
 [{"message":
   ".> LEAN_PATH=/mnt/c/Users/tyuuw/hatsu-yakitori/dist-proof/lean4/.lake/packages/Cli/.lake/build/lib/lean:/mnt/c/Users/tyuuw/hatsu-yakitori/dist-proof/lean4/.lake/packages/batteries/.lake/build/lib/lean:/mnt/c/Users/tyuuw/hatsu-yakitori/dist-proof/lean4/.lake/packages/Qq/.lake/build/lib/lean:/mnt/c/Users/tyuuw/hatsu-yakitori/dist-proof/lean4/.lake/packages/aesop/.lake/build/lib/lean:/mnt/c/Users/tyuuw/hatsu-yakitori/dist-proof/lean4/.lake/packages/proofwidgets/.lake/build/lib/lean:/mnt/c/Users/tyuuw/hatsu-yakitori/dist-proof/lean4/.lake/packages/importGraph/.lake/build/lib/lean:/mnt/c/Users/tyuuw/hatsu-yakitori/dist-proof/lean4/.lake/packages/LeanSearchClient/.lake/build/lib/lean:/mnt/c/Users/tyuuw/hatsu-yakitori/dist-proof/lean4/.lake/packages/plausible/.lake/build/lib/lean:/mnt/c/Users/tyuuw/hatsu-yakitori/dist-proof/lean4/.lake/packages/mathlib/.lake/build/lib/lean:/mnt/c/Users/tyuuw/hatsu-yakitori/dist-proof/lean4/.lake/build/lib/lean /home/yoshyhyrro/.elan/toolchains/leanprover--lean4---v4.27.0-rc1/bin/lean /mnt/c/Users/tyuuw/hatsu-yakitori/dist-proof/lean4/HatsuYakitori/Sssp.lean -o /mnt/c/Users/tyuuw/hatsu-yakitori/dist-proof/lean4/.lake/build/lib/lean/HatsuYakitori/Sssp.olean -i /mnt/c/Users/tyuuw/hatsu-yakitori/dist-proof/lean4/.lake/build/lib/lean/HatsuYakitori/Sssp.ilean -c /mnt/c/Users/tyuuw/hatsu-yakitori/dist-proof/lean4/.lake/build/ir/HatsuYakitori/Sssp.c --setup /mnt/c/Users/tyuuw/hatsu-yakitori/dist-proof/lean4/.lake/build/ir/HatsuYakitori/Sssp.setup.json --json",
   "level": "trace"}],
 "inputs":
 [["HatsuYakitori.Sssp:deps",
   [["deps",
     [["«hatsu-yakitori-proof»/HatsuYakitori:extraDep",
       [["@«hatsu-yakitori-proof»:extraDep", "00000000000006bb"]]],
      ["imports",
       [["Mathlib.Analysis.SpecialFunctions.Log.Basic transitive imports (legacy)",
         "74e198025474eec3"],
        ["Mathlib.Analysis.SpecialFunctions.Log.Basic:importAllArts",
         "b498129a629cd891"],
        ["Mathlib.Data.Real.Basic transitive imports (legacy)",
         "996c7ee6b07f52b7"],
        ["Mathlib.Data.Real.Basic:importAllArts", "4b354b2586cf52f2"],
        ["Mathlib.Data.Fin.Basic transitive imports (legacy)",
         "a04861292def4977"],
        ["Mathlib.Data.Fin.Basic:importAllArts", "60d9c93df3ff85e9"],
        ["Mathlib.Data.Finset.Card transitive imports (legacy)",
         "765d14032a93cb91"],
        ["Mathlib.Data.Finset.Card:importAllArts", "ec53a7b88106b8b6"],
        ["Mathlib.Data.Finset.Lattice.Basic transitive imports (legacy)",
         "2bfab75671d031dd"],
        ["Mathlib.Data.Finset.Lattice.Basic:importAllArts",
         "5fb6c307ed244bb1"]]]]],
    ["libs",
     [["import dynlibs", "00000000000006bb"],
      ["package external libraries", "00000000000006bb"],
      ["module dynlibs", "00000000000006bb"],
      ["module plugins", "00000000000006bb"]]]]],
  ["Lean 4.27.0, commit 2fcce7258eeb6e324366bc25f9058293b04b7547",
   "6f43b597efea5d4c"],
  ["/mnt/c/Users/tyuuw/hatsu-yakitori/dist-proof/lean4/HatsuYakitori/Sssp.lean",
   "b45fc8188f817cd5"],
  ["options", "00000000000006bb"],
  ["Module.leanArgs: #[]", "00000000000006bb"]],
 "depHash": "266d1d15748c87f9"}