{"synthetic": false,
 "schemaVersion": "2025-09-10",
 "outputs":
 {"o": ["ad79bce27a6af3ce.olean"],
  "i": "9bc5c3e338746a89.ilean",
  "c": "705c8c8029a576ee.c"},
 "log":
 [{"message":
   ".> LEAN_PATH=C:\\Users\\tyuuw\\Document\\hatsu-yakitori\\dist-proof\\lean4\\.lake\\packages\\Cli\\.lake\\build\\lib\\lean;C:\\Users\\tyuuw\\Document\\hatsu-yakitori\\dist-proof\\lean4\\.lake\\packages\\batteries\\.lake\\build\\lib\\lean;C:\\Users\\tyuuw\\Document\\hatsu-yakitori\\dist-proof\\lean4\\.lake\\packages\\Qq\\.lake\\build\\lib\\lean;C:\\Users\\tyuuw\\Document\\hatsu-yakitori\\dist-proof\\lean4\\.lake\\packages\\aesop\\.lake\\build\\lib\\lean;C:\\Users\\tyuuw\\Document\\hatsu-yakitori\\dist-proof\\lean4\\.lake\\packages\\proofwidgets\\.lake\\build\\lib\\lean;C:\\Users\\tyuuw\\Document\\hatsu-yakitori\\dist-proof\\lean4\\.lake\\packages\\importGraph\\.lake\\build\\lib\\lean;C:\\Users\\tyuuw\\Document\\hatsu-yakitori\\dist-proof\\lean4\\.lake\\packages\\LeanSearchClient\\.lake\\build\\lib\\lean;C:\\Users\\tyuuw\\Document\\hatsu-yakitori\\dist-proof\\lean4\\.lake\\packages\\plausible\\.lake\\build\\lib\\lean;C:\\Users\\tyuuw\\Document\\hatsu-yakitori\\dist-proof\\lean4\\.lake\\packages\\mathlib\\.lake\\build\\lib\\lean;C:\\Users\\tyuuw\\Document\\hatsu-yakitori\\dist-proof\\lean4\\.lake\\build\\lib\\lean c:\\Users\\tyuuw\\.elan\\toolchains\\leanprover--lean4---v4.28.0-rc1\\bin\\lean.exe C:\\Users\\tyuuw\\Document\\hatsu-yakitori\\dist-proof\\lean4\\HatsuYakitori\\WittSymmetryExplicit.lean -o C:\\Users\\tyuuw\\Document\\hatsu-yakitori\\dist-proof\\lean4\\.lake\\build\\lib\\lean\\HatsuYakitori\\WittSymmetryExplicit.olean -i C:\\Users\\tyuuw\\Document\\hatsu-yakitori\\dist-proof\\lean4\\.lake\\build\\lib\\lean\\HatsuYakitori\\WittSymmetryExplicit.ilean -c C:\\Users\\tyuuw\\Document\\hatsu-yakitori\\dist-proof\\lean4\\.lake\\build\\ir\\HatsuYakitori\\WittSymmetryExplicit.c --setup C:\\Users\\tyuuw\\Document\\hatsu-yakitori\\dist-proof\\lean4\\.lake\\build\\ir\\HatsuYakitori\\WittSymmetryExplicit.setup.json --json",
   "level": "trace"}],
 "inputs":
 [["HatsuYakitori.WittSymmetryExplicit:deps",
   [["deps",
     [["«hatsu-yakitori-proof»/HatsuYakitori:extraDep",
       [["@«hatsu-yakitori-proof»:extraDep", "00000000000006bb"]]],
      ["imports",
       [["Mathlib.Analysis.SpecialFunctions.Log.Basic transitive imports (legacy)",
         "b7dda8412e0c0150"],
        ["Mathlib.Analysis.SpecialFunctions.Log.Basic:importAllArts",
         "7d19e5eeb91709ee"],
        ["Mathlib.Data.Real.Basic transitive imports (legacy)",
         "fe964f6901c7b630"],
        ["Mathlib.Data.Real.Basic:importAllArts", "4776157901363150"],
        ["Mathlib.Data.Fin.Basic transitive imports (legacy)",
         "467ac25f2258243c"],
        ["Mathlib.Data.Fin.Basic:importAllArts", "7e9f3f897d595073"],
        ["Mathlib.Data.Finset.Card transitive imports (legacy)",
         "3f4ce1d5e288eea4"],
        ["Mathlib.Data.Finset.Card:importAllArts", "a25f65f5d33a08cd"],
        ["Mathlib.Data.Finset.Lattice.Basic transitive imports (legacy)",
         "d5ceb630bf62a682"],
        ["Mathlib.Data.Finset.Lattice.Basic:importAllArts",
         "3e001930cdca4e6e"]]]]],
    ["libs",
     [["import dynlibs", "00000000000006bb"],
      ["package external libraries", "00000000000006bb"],
      ["module dynlibs", "00000000000006bb"],
      ["module plugins", "00000000000006bb"]]]]],
  ["Lean 4.28.0, commit 3b0f2862196c6a8af9eb0025ee650252694013dd",
   "612345b87aa96642"],
  ["C:\\Users\\tyuuw\\Document\\hatsu-yakitori\\dist-proof\\lean4\\HatsuYakitori\\WittSymmetryExplicit.lean",
   "8cec174a1a6fe81d"],
  ["options", "00000000000006bb"],
  ["Module.leanArgs: #[]", "00000000000006bb"]],
 "depHash": "8ca8c325fc9e40a8"}