{"synthetic": false,
 "schemaVersion": "2025-09-10",
 "outputs":
 {"o": ["472eba24ea85e363.olean"],
  "i": "f7fda32ccc963065.ilean",
  "c": "1d9c1ac179ab8dcc.c"},
 "log":
 [{"message":
   ".> LEAN_PATH=C:\\Users\\tyuuw\\Document\\hatsu-yakitori\\dist-proof\\lean4\\.lake\\packages\\Cli\\.lake\\build\\lib\\lean;C:\\Users\\tyuuw\\Document\\hatsu-yakitori\\dist-proof\\lean4\\.lake\\packages\\batteries\\.lake\\build\\lib\\lean;C:\\Users\\tyuuw\\Document\\hatsu-yakitori\\dist-proof\\lean4\\.lake\\packages\\Qq\\.lake\\build\\lib\\lean;C:\\Users\\tyuuw\\Document\\hatsu-yakitori\\dist-proof\\lean4\\.lake\\packages\\aesop\\.lake\\build\\lib\\lean;C:\\Users\\tyuuw\\Document\\hatsu-yakitori\\dist-proof\\lean4\\.lake\\packages\\proofwidgets\\.lake\\build\\lib\\lean;C:\\Users\\tyuuw\\Document\\hatsu-yakitori\\dist-proof\\lean4\\.lake\\packages\\importGraph\\.lake\\build\\lib\\lean;C:\\Users\\tyuuw\\Document\\hatsu-yakitori\\dist-proof\\lean4\\.lake\\packages\\LeanSearchClient\\.lake\\build\\lib\\lean;C:\\Users\\tyuuw\\Document\\hatsu-yakitori\\dist-proof\\lean4\\.lake\\packages\\plausible\\.lake\\build\\lib\\lean;C:\\Users\\tyuuw\\Document\\hatsu-yakitori\\dist-proof\\lean4\\.lake\\packages\\mathlib\\.lake\\build\\lib\\lean;C:\\Users\\tyuuw\\Document\\hatsu-yakitori\\dist-proof\\lean4\\.lake\\build\\lib\\lean c:\\Users\\tyuuw\\.elan\\toolchains\\leanprover--lean4---v4.28.0-rc1\\bin\\lean.exe C:\\Users\\tyuuw\\Document\\hatsu-yakitori\\dist-proof\\lean4\\HatsuYakitori\\Notes\\GoppaGeometryNotes.lean -o C:\\Users\\tyuuw\\Document\\hatsu-yakitori\\dist-proof\\lean4\\.lake\\build\\lib\\lean\\HatsuYakitori\\Notes\\GoppaGeometryNotes.olean -i C:\\Users\\tyuuw\\Document\\hatsu-yakitori\\dist-proof\\lean4\\.lake\\build\\lib\\lean\\HatsuYakitori\\Notes\\GoppaGeometryNotes.ilean -c C:\\Users\\tyuuw\\Document\\hatsu-yakitori\\dist-proof\\lean4\\.lake\\build\\ir\\HatsuYakitori\\Notes\\GoppaGeometryNotes.c --setup C:\\Users\\tyuuw\\Document\\hatsu-yakitori\\dist-proof\\lean4\\.lake\\build\\ir\\HatsuYakitori\\Notes\\GoppaGeometryNotes.setup.json --json",
   "level": "trace"}],
 "inputs":
 [["HatsuYakitori.Notes.GoppaGeometryNotes:deps",
   [["deps",
     [["«hatsu-yakitori-proof»/HatsuYakitori:extraDep",
       [["@«hatsu-yakitori-proof»:extraDep", "00000000000006bb"]]],
      ["imports", "00000000000006bb"]]],
    ["libs",
     [["import dynlibs", "00000000000006bb"],
      ["package external libraries", "00000000000006bb"],
      ["module dynlibs", "00000000000006bb"],
      ["module plugins", "00000000000006bb"]]]]],
  ["Lean 4.28.0, commit 3b0f2862196c6a8af9eb0025ee650252694013dd",
   "612345b87aa96642"],
  ["C:\\Users\\tyuuw\\Document\\hatsu-yakitori\\dist-proof\\lean4\\HatsuYakitori\\Notes\\GoppaGeometryNotes.lean",
   "ea0f4d7efc07a9c5"],
  ["options", "00000000000006bb"],
  ["Module.leanArgs: #[]", "00000000000006bb"]],
 "depHash": "1e9e6099c36e1a30"}