{"synthetic": false,
 "schemaVersion": "2025-09-10",
 "outputs":
 {"o": ["36814c11a063a021.olean"],
  "i": "ed553e315967deb4.ilean",
  "c": "d6b842cfe076a902.c"},
 "log":
 [{"message":
   ".> LEAN_PATH=C:\\Users\\tyuuw\\Document\\hatsu-yakitori\\dist-proof\\lean4\\.lake\\packages\\Cli\\.lake\\build\\lib\\lean;C:\\Users\\tyuuw\\Document\\hatsu-yakitori\\dist-proof\\lean4\\.lake\\packages\\batteries\\.lake\\build\\lib\\lean;C:\\Users\\tyuuw\\Document\\hatsu-yakitori\\dist-proof\\lean4\\.lake\\packages\\Qq\\.lake\\build\\lib\\lean;C:\\Users\\tyuuw\\Document\\hatsu-yakitori\\dist-proof\\lean4\\.lake\\packages\\aesop\\.lake\\build\\lib\\lean;C:\\Users\\tyuuw\\Document\\hatsu-yakitori\\dist-proof\\lean4\\.lake\\packages\\proofwidgets\\.lake\\build\\lib\\lean;C:\\Users\\tyuuw\\Document\\hatsu-yakitori\\dist-proof\\lean4\\.lake\\packages\\importGraph\\.lake\\build\\lib\\lean;C:\\Users\\tyuuw\\Document\\hatsu-yakitori\\dist-proof\\lean4\\.lake\\packages\\LeanSearchClient\\.lake\\build\\lib\\lean;C:\\Users\\tyuuw\\Document\\hatsu-yakitori\\dist-proof\\lean4\\.lake\\packages\\plausible\\.lake\\build\\lib\\lean;C:\\Users\\tyuuw\\Document\\hatsu-yakitori\\dist-proof\\lean4\\.lake\\packages\\mathlib\\.lake\\build\\lib\\lean;C:\\Users\\tyuuw\\Document\\hatsu-yakitori\\dist-proof\\lean4\\.lake\\build\\lib\\lean c:\\Users\\tyuuw\\.elan\\toolchains\\leanprover--lean4---v4.27.0-rc1\\bin\\lean.exe C:\\Users\\tyuuw\\Document\\hatsu-yakitori\\dist-proof\\lean4\\HatsuYakitori\\Upstream\\AbstractFrontier.lean -o C:\\Users\\tyuuw\\Document\\hatsu-yakitori\\dist-proof\\lean4\\.lake\\build\\lib\\lean\\HatsuYakitori\\Upstream\\AbstractFrontier.olean -i C:\\Users\\tyuuw\\Document\\hatsu-yakitori\\dist-proof\\lean4\\.lake\\build\\lib\\lean\\HatsuYakitori\\Upstream\\AbstractFrontier.ilean -c C:\\Users\\tyuuw\\Document\\hatsu-yakitori\\dist-proof\\lean4\\.lake\\build\\ir\\HatsuYakitori\\Upstream\\AbstractFrontier.c --setup C:\\Users\\tyuuw\\Document\\hatsu-yakitori\\dist-proof\\lean4\\.lake\\build\\ir\\HatsuYakitori\\Upstream\\AbstractFrontier.setup.json --json",
   "level": "trace"},
  {"message":
   "HatsuYakitori/Upstream/AbstractFrontier.lean:48:6: declaration uses 'sorry'",
   "level": "warning"},
  {"message":
   "HatsuYakitori/Upstream/AbstractFrontier.lean:89:8: declaration uses 'sorry'",
   "level": "warning"},
  {"message":
   "HatsuYakitori/Upstream/AbstractFrontier.lean:124:8: declaration uses 'sorry'",
   "level": "warning"}],
 "inputs":
 [["HatsuYakitori.Upstream.AbstractFrontier:deps",
   [["deps",
     [["«hatsu-yakitori-proof»/HatsuYakitori:extraDep",
       [["@«hatsu-yakitori-proof»:extraDep", "00000000000006bb"]]],
      ["imports",
       [["Mathlib.Data.Real.Basic transitive imports (legacy)",
         "6c006540553640c9"],
        ["Mathlib.Data.Real.Basic:importAllArts", "47af0dba8722ca85"],
        ["Mathlib.Data.Fin.Basic transitive imports (legacy)",
         "9934ec29630dc0bf"],
        ["Mathlib.Data.Fin.Basic:importAllArts", "9cd8d484cc88ea30"],
        ["Mathlib.Tactic transitive imports (legacy)", "856a334f63c95ab3"],
        ["Mathlib.Tactic:importAllArts", "2304414f31867082"],
        ["Mathlib.Data.Fintype.Basic transitive imports (legacy)",
         "ab27565db76686a2"],
        ["Mathlib.Data.Fintype.Basic:importAllArts", "fe2fb6eb16480b44"],
        ["HatsuYakitori.Upstream.MachineConstants transitive imports (legacy)",
         "e5814f14f0fc0063"],
        ["HatsuYakitori.Upstream.MachineConstants:importAllArts",
         "4be44bdd7f5f95ad"]]]]],
    ["libs",
     [["import dynlibs", "00000000000006bb"],
      ["package external libraries", "00000000000006bb"],
      ["module dynlibs", "00000000000006bb"],
      ["module plugins", "00000000000006bb"]]]]],
  ["Lean 4.27.0, commit 2fcce7258eeb6e324366bc25f9058293b04b7547",
   "6f43b597efea5d4c"],
  ["C:\\Users\\tyuuw\\Document\\hatsu-yakitori\\dist-proof\\lean4\\HatsuYakitori\\Upstream\\AbstractFrontier.lean",
   "cd1e3bf9c05f31d9"],
  ["options", "00000000000006bb"],
  ["Module.leanArgs: #[]", "00000000000006bb"]],
 "depHash": "d3c794523a1e7bee"}