{"synthetic": false,
 "schemaVersion": "2025-09-10",
 "outputs":
 {"o": ["aac5b157323bbb90.olean"],
  "i": "d4d70f9b9e34d3fd.ilean",
  "c": "0ae3fa13b0021bc7.c"},
 "log":
 [{"message":
   ".> LEAN_PATH=C:\\Users\\tyuuw\\Document\\hatsu-yakitori\\dist-proof\\lean4\\.lake\\packages\\Cli\\.lake\\build\\lib\\lean;C:\\Users\\tyuuw\\Document\\hatsu-yakitori\\dist-proof\\lean4\\.lake\\packages\\batteries\\.lake\\build\\lib\\lean;C:\\Users\\tyuuw\\Document\\hatsu-yakitori\\dist-proof\\lean4\\.lake\\packages\\Qq\\.lake\\build\\lib\\lean;C:\\Users\\tyuuw\\Document\\hatsu-yakitori\\dist-proof\\lean4\\.lake\\packages\\aesop\\.lake\\build\\lib\\lean;C:\\Users\\tyuuw\\Document\\hatsu-yakitori\\dist-proof\\lean4\\.lake\\packages\\proofwidgets\\.lake\\build\\lib\\lean;C:\\Users\\tyuuw\\Document\\hatsu-yakitori\\dist-proof\\lean4\\.lake\\packages\\importGraph\\.lake\\build\\lib\\lean;C:\\Users\\tyuuw\\Document\\hatsu-yakitori\\dist-proof\\lean4\\.lake\\packages\\LeanSearchClient\\.lake\\build\\lib\\lean;C:\\Users\\tyuuw\\Document\\hatsu-yakitori\\dist-proof\\lean4\\.lake\\packages\\plausible\\.lake\\build\\lib\\lean;C:\\Users\\tyuuw\\Document\\hatsu-yakitori\\dist-proof\\lean4\\.lake\\packages\\mathlib\\.lake\\build\\lib\\lean;C:\\Users\\tyuuw\\Document\\hatsu-yakitori\\dist-proof\\lean4\\.lake\\build\\lib\\lean c:\\Users\\tyuuw\\.elan\\toolchains\\leanprover--lean4---v4.27.0-rc1\\bin\\lean.exe C:\\Users\\tyuuw\\Document\\hatsu-yakitori\\dist-proof\\lean4\\HatsuYakitori\\Downstream\\GolayFrontier.lean -o C:\\Users\\tyuuw\\Document\\hatsu-yakitori\\dist-proof\\lean4\\.lake\\build\\lib\\lean\\HatsuYakitori\\Downstream\\GolayFrontier.olean -i C:\\Users\\tyuuw\\Document\\hatsu-yakitori\\dist-proof\\lean4\\.lake\\build\\lib\\lean\\HatsuYakitori\\Downstream\\GolayFrontier.ilean -c C:\\Users\\tyuuw\\Document\\hatsu-yakitori\\dist-proof\\lean4\\.lake\\build\\ir\\HatsuYakitori\\Downstream\\GolayFrontier.c --setup C:\\Users\\tyuuw\\Document\\hatsu-yakitori\\dist-proof\\lean4\\.lake\\build\\ir\\HatsuYakitori\\Downstream\\GolayFrontier.setup.json --json",
   "level": "trace"}],
 "inputs":
 [["HatsuYakitori.Downstream.GolayFrontier:deps",
   [["deps",
     [["«hatsu-yakitori-proof»/HatsuYakitori:extraDep",
       [["@«hatsu-yakitori-proof»:extraDep", "00000000000006bb"]]],
      ["imports",
       [["Mathlib.Analysis.SpecialFunctions.Log.Basic transitive imports (legacy)",
         "e952ca086a6bc04a"],
        ["Mathlib.Analysis.SpecialFunctions.Log.Basic:importAllArts",
         "0abdf4df0e124cc1"],
        ["Mathlib.Data.Real.Basic transitive imports (legacy)",
         "6c006540553640c9"],
        ["Mathlib.Data.Real.Basic:importAllArts", "47af0dba8722ca85"],
        ["Mathlib.Data.Fin.Basic transitive imports (legacy)",
         "9934ec29630dc0bf"],
        ["Mathlib.Data.Fin.Basic:importAllArts", "9cd8d484cc88ea30"],
        ["Mathlib.Data.Finset.Card transitive imports (legacy)",
         "743d949ba5ae826f"],
        ["Mathlib.Data.Finset.Card:importAllArts", "92f93ae717c6fe00"],
        ["Mathlib.Data.Nat.Basic transitive imports (legacy)",
         "27802269b065070d"],
        ["Mathlib.Data.Nat.Basic:importAllArts", "2e778aeff5bdefcb"],
        ["Mathlib.Data.Nat.Bits transitive imports (legacy)",
         "fcb6cf1d88c52e95"],
        ["Mathlib.Data.Nat.Bits:importAllArts", "9d7cb8195469f1b5"],
        ["Mathlib.Data.Vector.Basic transitive imports (legacy)",
         "65a7ffc611291470"],
        ["Mathlib.Data.Vector.Basic:importAllArts", "5e0b9a1c99f149bf"],
        ["Mathlib.Data.List.Range transitive imports (legacy)",
         "5db89a8831a3ad04"],
        ["Mathlib.Data.List.Range:importAllArts", "11a3a01306e54a5f"],
        ["Mathlib.Tactic transitive imports (legacy)", "856a334f63c95ab3"],
        ["Mathlib.Tactic:importAllArts", "2304414f31867082"],
        ["HatsuYakitori.Upstream.MachineConstants transitive imports (legacy)",
         "e5814f14f0fc0063"],
        ["HatsuYakitori.Upstream.MachineConstants:importAllArts",
         "4be44bdd7f5f95ad"]]]]],
    ["libs",
     [["import dynlibs", "00000000000006bb"],
      ["package external libraries", "00000000000006bb"],
      ["module dynlibs", "00000000000006bb"],
      ["module plugins", "00000000000006bb"]]]]],
  ["Lean 4.27.0, commit 2fcce7258eeb6e324366bc25f9058293b04b7547",
   "6f43b597efea5d4c"],
  ["C:\\Users\\tyuuw\\Document\\hatsu-yakitori\\dist-proof\\lean4\\HatsuYakitori\\Downstream\\GolayFrontier.lean",
   "3c62f56e01f04296"],
  ["options", "00000000000006bb"],
  ["Module.leanArgs: #[]", "00000000000006bb"]],
 "depHash": "e589773829dc2d40"}