{"synthetic": false,
 "schemaVersion": "2025-09-10",
 "outputs":
 {"o": ["8b5907e504912ee2.olean"],
  "i": "6bdf75a16ad980f8.ilean",
  "c": "6edd75e87f52b1ee.c"},
 "log":
 [{"message":
   ".> LEAN_PATH=C:\\Users\\tyuuw\\Document\\hatsu-yakitori\\dist-proof\\lean4\\.lake\\packages\\Cli\\.lake\\build\\lib\\lean;C:\\Users\\tyuuw\\Document\\hatsu-yakitori\\dist-proof\\lean4\\.lake\\packages\\batteries\\.lake\\build\\lib\\lean;C:\\Users\\tyuuw\\Document\\hatsu-yakitori\\dist-proof\\lean4\\.lake\\packages\\Qq\\.lake\\build\\lib\\lean;C:\\Users\\tyuuw\\Document\\hatsu-yakitori\\dist-proof\\lean4\\.lake\\packages\\aesop\\.lake\\build\\lib\\lean;C:\\Users\\tyuuw\\Document\\hatsu-yakitori\\dist-proof\\lean4\\.lake\\packages\\proofwidgets\\.lake\\build\\lib\\lean;C:\\Users\\tyuuw\\Document\\hatsu-yakitori\\dist-proof\\lean4\\.lake\\packages\\importGraph\\.lake\\build\\lib\\lean;C:\\Users\\tyuuw\\Document\\hatsu-yakitori\\dist-proof\\lean4\\.lake\\packages\\LeanSearchClient\\.lake\\build\\lib\\lean;C:\\Users\\tyuuw\\Document\\hatsu-yakitori\\dist-proof\\lean4\\.lake\\packages\\plausible\\.lake\\build\\lib\\lean;C:\\Users\\tyuuw\\Document\\hatsu-yakitori\\dist-proof\\lean4\\.lake\\packages\\mathlib\\.lake\\build\\lib\\lean;C:\\Users\\tyuuw\\Document\\hatsu-yakitori\\dist-proof\\lean4\\.lake\\build\\lib\\lean c:\\Users\\tyuuw\\.elan\\toolchains\\leanprover--lean4---v4.27.0-rc1\\bin\\lean.exe C:\\Users\\tyuuw\\Document\\hatsu-yakitori\\dist-proof\\lean4\\HatsuYakitori\\Downstream\\GoppaLattice.lean -o C:\\Users\\tyuuw\\Document\\hatsu-yakitori\\dist-proof\\lean4\\.lake\\build\\lib\\lean\\HatsuYakitori\\Downstream\\GoppaLattice.olean -i C:\\Users\\tyuuw\\Document\\hatsu-yakitori\\dist-proof\\lean4\\.lake\\build\\lib\\lean\\HatsuYakitori\\Downstream\\GoppaLattice.ilean -c C:\\Users\\tyuuw\\Document\\hatsu-yakitori\\dist-proof\\lean4\\.lake\\build\\ir\\HatsuYakitori\\Downstream\\GoppaLattice.c --setup C:\\Users\\tyuuw\\Document\\hatsu-yakitori\\dist-proof\\lean4\\.lake\\build\\ir\\HatsuYakitori\\Downstream\\GoppaLattice.setup.json --json",
   "level": "trace"},
  {"message":
   "HatsuYakitori/Downstream/GoppaLattice.lean:297:8: declaration uses 'sorry'",
   "level": "warning"},
  {"message":
   "HatsuYakitori/Downstream/GoppaLattice.lean:341:8: declaration uses 'sorry'",
   "level": "warning"}],
 "inputs":
 [["HatsuYakitori.Downstream.GoppaLattice:deps",
   [["deps",
     [["«hatsu-yakitori-proof»/HatsuYakitori:extraDep",
       [["@«hatsu-yakitori-proof»:extraDep", "00000000000006bb"]]],
      ["imports",
       [["Mathlib.Data.Complex.Basic transitive imports (legacy)",
         "32b5243b7f3465b2"],
        ["Mathlib.Data.Complex.Basic:importAllArts", "eb5e63c57ab6d47d"],
        ["Mathlib.Analysis.Complex.Exponential transitive imports (legacy)",
         "7954dc4087f84c4a"],
        ["Mathlib.Analysis.Complex.Exponential:importAllArts",
         "305f5f87159d620c"],
        ["Mathlib.Analysis.Complex.Basic transitive imports (legacy)",
         "f91b2f76ac70a0fb"],
        ["Mathlib.Analysis.Complex.Basic:importAllArts", "175ddaf545e35ead"],
        ["Mathlib.Data.Real.Basic transitive imports (legacy)",
         "6c006540553640c9"],
        ["Mathlib.Data.Real.Basic:importAllArts", "47af0dba8722ca85"],
        ["Mathlib.Data.Fin.Basic transitive imports (legacy)",
         "9934ec29630dc0bf"],
        ["Mathlib.Data.Fin.Basic:importAllArts", "9cd8d484cc88ea30"],
        ["Mathlib.Data.ZMod.Basic transitive imports (legacy)",
         "900fa6eb9ef2fb3d"],
        ["Mathlib.Data.ZMod.Basic:importAllArts", "367b6fa014737515"],
        ["Mathlib.Algebra.Order.Field.Basic transitive imports (legacy)",
         "e5f01b6fc4073209"],
        ["Mathlib.Algebra.Order.Field.Basic:importAllArts", "267518ac5b51b7e7"],
        ["Mathlib.Analysis.SpecialFunctions.Trigonometric.Basic transitive imports (legacy)",
         "90ce0de035adb9de"],
        ["Mathlib.Analysis.SpecialFunctions.Trigonometric.Basic:importAllArts",
         "2e723a23d072acc8"],
        ["Mathlib.Tactic transitive imports (legacy)", "856a334f63c95ab3"],
        ["Mathlib.Tactic:importAllArts", "2304414f31867082"],
        ["HatsuYakitori.Upstream.MachineConstants transitive imports (legacy)",
         "e5814f14f0fc0063"],
        ["HatsuYakitori.Upstream.MachineConstants:importAllArts",
         "4be44bdd7f5f95ad"],
        ["HatsuYakitori.Downstream.GolayFrontier transitive imports (legacy)",
         "1e90cba55cbbc921"],
        ["HatsuYakitori.Downstream.GolayFrontier:importAllArts",
         "2d2fef29c8f90448"]]]]],
    ["libs",
     [["import dynlibs", "00000000000006bb"],
      ["package external libraries", "00000000000006bb"],
      ["module dynlibs", "00000000000006bb"],
      ["module plugins", "00000000000006bb"]]]]],
  ["Lean 4.27.0, commit 2fcce7258eeb6e324366bc25f9058293b04b7547",
   "6f43b597efea5d4c"],
  ["C:\\Users\\tyuuw\\Document\\hatsu-yakitori\\dist-proof\\lean4\\HatsuYakitori\\Downstream\\GoppaLattice.lean",
   "d19df88bd8b41728"],
  ["options", "00000000000006bb"],
  ["Module.leanArgs: #[]", "00000000000006bb"]],
 "depHash": "f0c127747e9bc699"}