{"synthetic": false,
 "schemaVersion": "2025-09-10",
 "outputs":
 {"o": ["644b7527c94703e5.olean"],
  "i": "e7e15c1b84333e11.ilean",
  "c": "51f35f5314a85a54.c"},
 "log":
 [{"message":
   ".> LEAN_PATH=C:\\Users\\tyuuw\\Document\\hatsu-yakitori\\dist-proof\\lean4\\.lake\\packages\\Cli\\.lake\\build\\lib\\lean;C:\\Users\\tyuuw\\Document\\hatsu-yakitori\\dist-proof\\lean4\\.lake\\packages\\batteries\\.lake\\build\\lib\\lean;C:\\Users\\tyuuw\\Document\\hatsu-yakitori\\dist-proof\\lean4\\.lake\\packages\\Qq\\.lake\\build\\lib\\lean;C:\\Users\\tyuuw\\Document\\hatsu-yakitori\\dist-proof\\lean4\\.lake\\packages\\aesop\\.lake\\build\\lib\\lean;C:\\Users\\tyuuw\\Document\\hatsu-yakitori\\dist-proof\\lean4\\.lake\\packages\\proofwidgets\\.lake\\build\\lib\\lean;C:\\Users\\tyuuw\\Document\\hatsu-yakitori\\dist-proof\\lean4\\.lake\\packages\\importGraph\\.lake\\build\\lib\\lean;C:\\Users\\tyuuw\\Document\\hatsu-yakitori\\dist-proof\\lean4\\.lake\\packages\\LeanSearchClient\\.lake\\build\\lib\\lean;C:\\Users\\tyuuw\\Document\\hatsu-yakitori\\dist-proof\\lean4\\.lake\\packages\\plausible\\.lake\\build\\lib\\lean;C:\\Users\\tyuuw\\Document\\hatsu-yakitori\\dist-proof\\lean4\\.lake\\packages\\mathlib\\.lake\\build\\lib\\lean;C:\\Users\\tyuuw\\Document\\hatsu-yakitori\\dist-proof\\lean4\\.lake\\build\\lib\\lean c:\\Users\\tyuuw\\.elan\\toolchains\\leanprover--lean4---v4.27.0-rc1\\bin\\lean.exe C:\\Users\\tyuuw\\Document\\hatsu-yakitori\\dist-proof\\lean4\\HatsuYakitori\\Downstream\\KakDecomposition.lean -o C:\\Users\\tyuuw\\Document\\hatsu-yakitori\\dist-proof\\lean4\\.lake\\build\\lib\\lean\\HatsuYakitori\\Downstream\\KakDecomposition.olean -i C:\\Users\\tyuuw\\Document\\hatsu-yakitori\\dist-proof\\lean4\\.lake\\build\\lib\\lean\\HatsuYakitori\\Downstream\\KakDecomposition.ilean -c C:\\Users\\tyuuw\\Document\\hatsu-yakitori\\dist-proof\\lean4\\.lake\\build\\ir\\HatsuYakitori\\Downstream\\KakDecomposition.c --setup C:\\Users\\tyuuw\\Document\\hatsu-yakitori\\dist-proof\\lean4\\.lake\\build\\ir\\HatsuYakitori\\Downstream\\KakDecomposition.setup.json --json",
   "level": "trace"}],
 "inputs":
 [["HatsuYakitori.Downstream.KakDecomposition:deps",
   [["deps",
     [["«hatsu-yakitori-proof»/HatsuYakitori:extraDep",
       [["@«hatsu-yakitori-proof»:extraDep", "00000000000006bb"]]],
      ["imports",
       [["Mathlib.Data.Real.Basic transitive imports (legacy)",
         "6c006540553640c9"],
        ["Mathlib.Data.Real.Basic:importAllArts", "47af0dba8722ca85"],
        ["Mathlib.Data.Nat.Basic transitive imports (legacy)",
         "27802269b065070d"],
        ["Mathlib.Data.Nat.Basic:importAllArts", "2e778aeff5bdefcb"],
        ["Mathlib.Data.List.Basic transitive imports (legacy)",
         "2c024a822240fa90"],
        ["Mathlib.Data.List.Basic:importAllArts", "9c1c2dd1008c3379"],
        ["HatsuYakitori.Downstream.GolayFrontier transitive imports (legacy)",
         "1e90cba55cbbc921"],
        ["HatsuYakitori.Downstream.GolayFrontier:importAllArts",
         "2d2fef29c8f90448"],
        ["HatsuYakitori.Upstream.MachineConstants transitive imports (legacy)",
         "e5814f14f0fc0063"],
        ["HatsuYakitori.Upstream.MachineConstants:importAllArts",
         "4be44bdd7f5f95ad"]]]]],
    ["libs",
     [["import dynlibs", "00000000000006bb"],
      ["package external libraries", "00000000000006bb"],
      ["module dynlibs", "00000000000006bb"],
      ["module plugins", "00000000000006bb"]]]]],
  ["Lean 4.27.0, commit 2fcce7258eeb6e324366bc25f9058293b04b7547",
   "6f43b597efea5d4c"],
  ["C:\\Users\\tyuuw\\Document\\hatsu-yakitori\\dist-proof\\lean4\\HatsuYakitori\\Downstream\\KakDecomposition.lean",
   "4e4f024da5a1fc11"],
  ["options", "00000000000006bb"],
  ["Module.leanArgs: #[]", "00000000000006bb"]],
 "depHash": "ab89e36316413258"}